#
# There is insufficient memory for the Java Runtime Environment to continue.
# Native memory allocation (malloc) failed to allocate 1447056 bytes. Error detail: Chunk::new
# Possible reasons:
#   The system is out of physical RAM or swap space
#   This process is running with CompressedOops enabled, and the Java Heap may be blocking the growth of the native heap
# Possible solutions:
#   Reduce memory load on the system
#   Increase physical memory or swap space
#   Check if swap backing store is full
#   Decrease Java heap size (-Xmx/-Xms)
#   Decrease number of Java threads
#   Decrease Java thread stack sizes (-Xss)
#   Set larger code cache with -XX:ReservedCodeCacheSize=
#   JVM is running with Unscaled Compressed Oops mode in which the Java heap is
#     placed in the first 4GB address space. The Java Heap base address is the
#     maximum limit for the native heap growth. Please use -XX:HeapBaseMinAddress
#     to set the Java Heap base and to place the Java Heap above 4GB virtual address.
# This output file may be truncated or incomplete.
#
#  Out of Memory Error (arena.cpp:168), pid=15248, tid=10812
#
# JRE version: OpenJDK Runtime Environment Temurin-21.0.6+7 (21.0.6+7) (build 21.0.6+7-LTS)
# Java VM: OpenJDK 64-Bit Server VM Temurin-21.0.6+7 (21.0.6+7-LTS, mixed mode, sharing, tiered, compressed oops, compressed class ptrs, parallel gc, windows-amd64)
# No core dump will be written. Minidumps are not enabled by default on client versions of Windows
#

---------------  S U M M A R Y ------------

Command Line: --add-modules=ALL-SYSTEM --add-opens=java.base/java.util=ALL-UNNAMED --add-opens=java.base/java.lang=ALL-UNNAMED --add-opens=java.base/sun.nio.fs=ALL-UNNAMED -Declipse.application=org.eclipse.jdt.ls.core.id1 -Dosgi.bundles.defaultStartLevel=4 -Declipse.product=org.eclipse.jdt.ls.core.product -Djava.import.generatesMetadataFilesAtProjectRoot=false -DDetectVMInstallationsJob.disabled=true -Dfile.encoding=utf8 -XX:+UseParallelGC -XX:GCTimeRatio=4 -XX:AdaptiveSizePolicyWeight=90 -Dsun.zip.disableMemoryMapping=true -Xmx1G -Xms100m -Xlog:disable -javaagent:c:\Users\zoro\.vscode\extensions\redhat.java-1.41.1-win32-x64\lombok\lombok-1.18.36.jar c:\Users\zoro\.vscode\extensions\redhat.java-1.41.1-win32-x64\server\plugins\org.eclipse.equinox.launcher_1.7.0.v20250331-1702.jar -configuration c:\Users\zoro\AppData\Roaming\Code\User\globalStorage\redhat.java\1.41.1\config_ss_win -data c:\Users\zoro\AppData\Roaming\Code\User\workspaceStorage\ba41cc73ded8ec4ecfd1c612aec40166\redhat.java\ss_ws --pipe=\\.\pipe\lsp-d8d38aae717887a3f8545ae38c69d2e1-sock

Host: Intel(R) Core(TM) i7-8665U CPU @ 1.90GHz, 8 cores, 15G,  Windows 11 , 64 bit Build 22621 (10.0.22621.5262)
Time: Sat May  3 19:04:13 2025 Maroc (heure d64 bit Build 22621 (10.0.22621.5262) elapsed time: 5.188302 seconds (0d 0h 0m 5s)

---------------  T H R E A D  ---------------

Current thread (0x000001f551802960):  JavaThread "C2 CompilerThread0" daemon [_thread_in_native, id=10812, stack(0x000000e605b00000,0x000000e605c00000) (1024K)]


Current CompileTask:
C2:5188 2562       4       org.lombokweb.asm.ClassReader::readMethod (1070 bytes)

Stack: [0x000000e605b00000,0x000000e605c00000]
Native frames: (J=compiled Java code, j=interpreted, Vv=VM code, C=native code)
V  [jvm.dll+0x6cdee9]
V  [jvm.dll+0x8a83d1]
V  [jvm.dll+0x8aa8fe]
V  [jvm.dll+0x8aafe3]
V  [jvm.dll+0x27f706]
V  [jvm.dll+0xc500d]
V  [jvm.dll+0xc5543]
V  [jvm.dll+0x3b6752]
V  [jvm.dll+0x1dfe13]
V  [jvm.dll+0x247b42]
V  [jvm.dll+0x246fcf]
V  [jvm.dll+0x1c75ee]
V  [jvm.dll+0x25685a]
V  [jvm.dll+0x254dfa]
V  [jvm.dll+0x3f0256]
V  [jvm.dll+0x851f8b]
V  [jvm.dll+0x6cc5ed]
C  [ucrtbase.dll+0x29333]
C  [KERNEL32.DLL+0x1259d]
C  [ntdll.dll+0x5af58]


---------------  P R O C E S S  ---------------

Threads class SMR info:
_java_thread_list=0x000001f599854a20, length=21, elements={
0x000001f53d43d940, 0x000001f5517ecda0, 0x000001f5517ee6a0, 0x000001f5517f0940,
0x000001f5517f2c50, 0x000001f5517f32e0, 0x000001f5517f25c0, 0x000001f551802960,
0x000001f5518057b0, 0x000001f5517f3970, 0x000001f5517f4000, 0x000001f5517f4690,
0x000001f5517f4d20, 0x000001f5517f1f30, 0x000001f5517f18a0, 0x000001f5990b2640,
0x000001f5990b4da0, 0x000001f5990b5430, 0x000001f5990b3360, 0x000001f5997728e0,
0x000001f5990b1fb0
}

Java Threads: ( => current thread )
  0x000001f53d43d940 JavaThread "main"                              [_thread_blocked, id=1720, stack(0x000000e605100000,0x000000e605200000) (1024K)]
  0x000001f5517ecda0 JavaThread "Reference Handler"          daemon [_thread_blocked, id=13044, stack(0x000000e605500000,0x000000e605600000) (1024K)]
  0x000001f5517ee6a0 JavaThread "Finalizer"                  daemon [_thread_blocked, id=21296, stack(0x000000e605600000,0x000000e605700000) (1024K)]
  0x000001f5517f0940 JavaThread "Signal Dispatcher"          daemon [_thread_blocked, id=20904, stack(0x000000e605700000,0x000000e605800000) (1024K)]
  0x000001f5517f2c50 JavaThread "Attach Listener"            daemon [_thread_blocked, id=27560, stack(0x000000e605800000,0x000000e605900000) (1024K)]
  0x000001f5517f32e0 JavaThread "Service Thread"             daemon [_thread_blocked, id=28888, stack(0x000000e605900000,0x000000e605a00000) (1024K)]
  0x000001f5517f25c0 JavaThread "Monitor Deflation Thread"   daemon [_thread_blocked, id=11920, stack(0x000000e605a00000,0x000000e605b00000) (1024K)]
=>0x000001f551802960 JavaThread "C2 CompilerThread0"         daemon [_thread_in_native, id=10812, stack(0x000000e605b00000,0x000000e605c00000) (1024K)]
  0x000001f5518057b0 JavaThread "C1 CompilerThread0"         daemon [_thread_blocked, id=23296, stack(0x000000e605c00000,0x000000e605d00000) (1024K)]
  0x000001f5517f3970 JavaThread "Common-Cleaner"             daemon [_thread_blocked, id=32252, stack(0x000000e605d00000,0x000000e605e00000) (1024K)]
  0x000001f5517f4000 JavaThread "Notification Thread"        daemon [_thread_blocked, id=9176, stack(0x000000e605f00000,0x000000e606000000) (1024K)]
  0x000001f5517f4690 JavaThread "Active Thread: Equinox Container: 060703f7-2e67-46d6-b562-23977a6f149d"        [_thread_blocked, id=20792, stack(0x000000e606600000,0x000000e606700000) (1024K)]
  0x000001f5517f4d20 JavaThread "Framework Event Dispatcher: Equinox Container: 060703f7-2e67-46d6-b562-23977a6f149d" daemon [_thread_blocked, id=25188, stack(0x000000e606700000,0x000000e606800000) (1024K)]
  0x000001f5517f1f30 JavaThread "Start Level: Equinox Container: 060703f7-2e67-46d6-b562-23977a6f149d" daemon [_thread_blocked, id=11808, stack(0x000000e606800000,0x000000e606900000) (1024K)]
  0x000001f5517f18a0 JavaThread "SCR Component Actor"        daemon [_thread_blocked, id=28840, stack(0x000000e606900000,0x000000e606a00000) (1024K)]
  0x000001f5990b2640 JavaThread "SCR Component Registry"     daemon [_thread_blocked, id=30980, stack(0x000000e606a00000,0x000000e606b00000) (1024K)]
  0x000001f5990b4da0 JavaThread "Worker-JM"                         [_thread_blocked, id=5824, stack(0x000000e606c00000,0x000000e606d00000) (1024K)]
  0x000001f5990b5430 JavaThread "Worker-0"                          [_thread_blocked, id=20992, stack(0x000000e606d00000,0x000000e606e00000) (1024K)]
  0x000001f5990b3360 JavaThread "Worker-1"                          [_thread_blocked, id=2900, stack(0x000000e606e00000,0x000000e606f00000) (1024K)]
  0x000001f5997728e0 JavaThread "C2 CompilerThread1"         daemon [_thread_blocked, id=29460, stack(0x000000e606b00000,0x000000e606c00000) (1024K)]
  0x000001f5990b1fb0 JavaThread "Java indexing"              daemon [_thread_blocked, id=3740, stack(0x000000e606f00000,0x000000e607000000) (1024K)]
Total: 21

Other Threads:
  0x000001f53d4db860 VMThread "VM Thread"                           [id=12236, stack(0x000000e605400000,0x000000e605500000) (1024K)]
  0x000001f5516fca00 WatcherThread "VM Periodic Task Thread"        [id=22628, stack(0x000000e605300000,0x000000e605400000) (1024K)]
  0x000001f53d45c9e0 WorkerThread "GC Thread#0"                     [id=13448, stack(0x000000e605200000,0x000000e605300000) (1024K)]
  0x000001f59902b880 WorkerThread "GC Thread#1"                     [id=21564, stack(0x000000e606000000,0x000000e606100000) (1024K)]
  0x000001f5990b18e0 WorkerThread "GC Thread#2"                     [id=30200, stack(0x000000e606100000,0x000000e606200000) (1024K)]
  0x000001f594d55810 WorkerThread "GC Thread#3"                     [id=25776, stack(0x000000e606200000,0x000000e606300000) (1024K)]
  0x000001f594d55bb0 WorkerThread "GC Thread#4"                     [id=19124, stack(0x000000e606300000,0x000000e606400000) (1024K)]
  0x000001f594d55f50 WorkerThread "GC Thread#5"                     [id=28736, stack(0x000000e606400000,0x000000e606500000) (1024K)]
  0x000001f59902fe10 WorkerThread "GC Thread#6"                     [id=31632, stack(0x000000e606500000,0x000000e606600000) (1024K)]
  0x000001f594a7f740 WorkerThread "GC Thread#7"                     [id=31588, stack(0x000000e605e00000,0x000000e605f00000) (1024K)]
Total: 10

Threads with active compile tasks:
C2 CompilerThread0  5247 2562       4       org.lombokweb.asm.ClassReader::readMethod (1070 bytes)
Total: 1

VM state: not at safepoint (normal execution)

VM Mutex/Monitor currently owned by a thread: None

Heap address: 0x00000000c0000000, size: 1024 MB, Compressed Oops mode: 32-bit

CDS archive(s) mapped at: [0x000001f552000000-0x000001f552ba0000-0x000001f552ba0000), size 12189696, SharedBaseAddress: 0x000001f552000000, ArchiveRelocationMode: 1.
Compressed class space mapped at: 0x000001f553000000-0x000001f593000000, reserved size: 1073741824
Narrow klass base: 0x000001f552000000, Narrow klass shift: 0, Narrow klass range: 0x100000000

GC Precious Log:
 CardTable entry size: 512
 CPUs: 8 total, 8 available
 Memory: 16131M
 Large Page Support: Disabled
 NUMA Support: Disabled
 Compressed Oops: Enabled (32-bit)
 Alignments: Space 512K, Generation 512K, Heap 2M
 Heap Min Capacity: 100M
 Heap Initial Capacity: 100M
 Heap Max Capacity: 1G
 Pre-touch: Disabled
 Parallel Workers: 8

Heap:
 PSYoungGen      total 30720K, used 1819K [0x00000000eab00000, 0x00000000ece80000, 0x0000000100000000)
  eden space 25088K, 7% used [0x00000000eab00000,0x00000000eacc6e28,0x00000000ec380000)
  from space 5632K, 0% used [0x00000000ec900000,0x00000000ec900000,0x00000000ece80000)
  to   space 4096K, 0% used [0x00000000ec400000,0x00000000ec400000,0x00000000ec800000)
 ParOldGen       total 68608K, used 10677K [0x00000000c0000000, 0x00000000c4300000, 0x00000000eab00000)
  object space 68608K, 15% used [0x00000000c0000000,0x00000000c0a6d778,0x00000000c4300000)
 Metaspace       used 21215K, committed 21824K, reserved 1114112K
  class space    used 1948K, committed 2240K, reserved 1048576K

Card table byte_map: [0x000001f53ce00000,0x000001f53d010000] _byte_map_base: 0x000001f53c800000

Marking Bits: (ParMarkBitMap*) 0x00007ff93d553260
 Begin Bits: [0x000001f54f620000, 0x000001f550620000)
 End Bits:   [0x000001f550620000, 0x000001f551620000)

Polling page: 0x000001f53cbf0000

Metaspace:

Usage:
  Non-class:     18.82 MB used.
      Class:      1.90 MB used.
       Both:     20.72 MB used.

Virtual space:
  Non-class space:       64.00 MB reserved,      19.12 MB ( 30%) committed,  1 nodes.
      Class space:        1.00 GB reserved,       2.19 MB ( <1%) committed,  1 nodes.
             Both:        1.06 GB reserved,      21.31 MB (  2%) committed. 

Chunk freelists:
   Non-Class:  12.26 MB
       Class:  13.86 MB
        Both:  26.11 MB

MaxMetaspaceSize: unlimited
CompressedClassSpaceSize: 1.00 GB
Initial GC threshold: 21.00 MB
Current GC threshold: 35.00 MB
CDS: on
 - commit_granule_bytes: 65536.
 - commit_granule_words: 8192.
 - virtual_space_node_default_size: 8388608.
 - enlarge_chunks_in_place: 1.
 - use_allocation_guard: 0.


Internal statistics:

num_allocs_failed_limit: 3.
num_arena_births: 484.
num_arena_deaths: 14.
num_vsnodes_births: 2.
num_vsnodes_deaths: 0.
num_space_committed: 341.
num_space_uncommitted: 0.
num_chunks_returned_to_freelist: 17.
num_chunks_taken_from_freelist: 1265.
num_chunk_merges: 9.
num_chunk_splits: 850.
num_chunks_enlarged: 549.
num_inconsistent_stats: 0.

CodeHeap 'non-profiled nmethods': size=120000Kb used=1165Kb max_used=1165Kb free=118834Kb
 bounds [0x000001f5480f0000, 0x000001f548360000, 0x000001f54f620000]
CodeHeap 'profiled nmethods': size=120000Kb used=5632Kb max_used=5632Kb free=114368Kb
 bounds [0x000001f540620000, 0x000001f540ba0000, 0x000001f547b50000]
CodeHeap 'non-nmethods': size=5760Kb used=1308Kb max_used=1333Kb free=4451Kb
 bounds [0x000001f547b50000, 0x000001f547dc0000, 0x000001f5480f0000]
 total_blobs=3368 nmethods=2778 adapters=496
 compilation: enabled
              stopped_count=0, restarted_count=0
 full_count=0

Compilation events (20 events):
Event: 5.172 Thread 0x000001f5518057b0 2756       3       sun.util.locale.provider.LocaleProviderAdapter$$Lambda/0x800000068::apply (8 bytes)
Event: 5.172 Thread 0x000001f5518057b0 nmethod 2756 0x000001f540b93690 code [0x000001f540b93840, 0x000001f540b93a70]
Event: 5.172 Thread 0x000001f5518057b0 2757       3       sun.util.locale.provider.LocaleProviderAdapter::lambda$toLocaleArray$0 (135 bytes)
Event: 5.172 Thread 0x000001f5518057b0 nmethod 2757 0x000001f540b93b10 code [0x000001f540b93d40, 0x000001f540b94400]
Event: 5.172 Thread 0x000001f5518057b0 2758       3       java.util.stream.Nodes$FixedNodeBuilder::accept (61 bytes)
Event: 5.173 Thread 0x000001f5518057b0 nmethod 2758 0x000001f540b94610 code [0x000001f540b948c0, 0x000001f540b95760]
Event: 5.173 Thread 0x000001f5518057b0 2759       3       sun.util.locale.LocaleObjectCache::normalizeKey (2 bytes)
Event: 5.174 Thread 0x000001f5518057b0 nmethod 2759 0x000001f540b95c90 code [0x000001f540b95e20, 0x000001f540b95f30]
Event: 5.174 Thread 0x000001f5518057b0 2760       3       sun.util.locale.BaseLocale$Cache::normalizeKey (9 bytes)
Event: 5.174 Thread 0x000001f5518057b0 nmethod 2760 0x000001f540b95f90 code [0x000001f540b96140, 0x000001f540b963c8]
Event: 5.174 Thread 0x000001f5518057b0 2724       3       sun.util.locale.LanguageTag::isExtlang (21 bytes)
Event: 5.175 Thread 0x000001f5518057b0 nmethod 2724 0x000001f540b96490 code [0x000001f540b966e0, 0x000001f540b97110]
Event: 5.180 Thread 0x000001f5518057b0 2764       3       java.lang.CharacterDataLatin1::toUpperCase (67 bytes)
Event: 5.181 Thread 0x000001f5518057b0 nmethod 2764 0x000001f540b97510 code [0x000001f540b976e0, 0x000001f540b97a08]
Event: 5.181 Thread 0x000001f5518057b0 2765       3       java.lang.Character::toUpperCase (9 bytes)
Event: 5.181 Thread 0x000001f5518057b0 nmethod 2765 0x000001f540b97a90 code [0x000001f540b97c40, 0x000001f540b97e38]
Event: 5.181 Thread 0x000001f5518057b0 2763       3       java.lang.Character::toUpperCase (6 bytes)
Event: 5.181 Thread 0x000001f5518057b0 nmethod 2763 0x000001f540b97f10 code [0x000001f540b980e0, 0x000001f540b98338]
Event: 5.181 Thread 0x000001f5518057b0 2766       3       java.util.concurrent.ConcurrentHashMap::remove (32 bytes)
Event: 5.181 Thread 0x000001f5518057b0 nmethod 2766 0x000001f540b98410 code [0x000001f540b985e0, 0x000001f540b988a8]

GC Heap History (14 events):
Event: 1.408 GC heap before
{Heap before GC invocations=1 (full 0):
 PSYoungGen      total 29696K, used 25600K [0x00000000eab00000, 0x00000000ecc00000, 0x0000000100000000)
  eden space 25600K, 100% used [0x00000000eab00000,0x00000000ec400000,0x00000000ec400000)
  from space 4096K, 0% used [0x00000000ec800000,0x00000000ec800000,0x00000000ecc00000)
  to   space 4096K, 0% used [0x00000000ec400000,0x00000000ec400000,0x00000000ec800000)
 ParOldGen       total 68608K, used 0K [0x00000000c0000000, 0x00000000c4300000, 0x00000000eab00000)
  object space 68608K, 0% used [0x00000000c0000000,0x00000000c0000000,0x00000000c4300000)
 Metaspace       used 4311K, committed 4480K, reserved 1114112K
  class space    used 435K, committed 512K, reserved 1048576K
}
Event: 1.417 GC heap after
{Heap after GC invocations=1 (full 0):
 PSYoungGen      total 29696K, used 3190K [0x00000000eab00000, 0x00000000ecc00000, 0x0000000100000000)
  eden space 25600K, 0% used [0x00000000eab00000,0x00000000eab00000,0x00000000ec400000)
  from space 4096K, 77% used [0x00000000ec400000,0x00000000ec71d800,0x00000000ec800000)
  to   space 4096K, 0% used [0x00000000ec800000,0x00000000ec800000,0x00000000ecc00000)
 ParOldGen       total 68608K, used 16K [0x00000000c0000000, 0x00000000c4300000, 0x00000000eab00000)
  object space 68608K, 0% used [0x00000000c0000000,0x00000000c0004000,0x00000000c4300000)
 Metaspace       used 4311K, committed 4480K, reserved 1114112K
  class space    used 435K, committed 512K, reserved 1048576K
}
Event: 2.521 GC heap before
{Heap before GC invocations=2 (full 0):
 PSYoungGen      total 29696K, used 28790K [0x00000000eab00000, 0x00000000ecc00000, 0x0000000100000000)
  eden space 25600K, 100% used [0x00000000eab00000,0x00000000ec400000,0x00000000ec400000)
  from space 4096K, 77% used [0x00000000ec400000,0x00000000ec71d800,0x00000000ec800000)
  to   space 4096K, 0% used [0x00000000ec800000,0x00000000ec800000,0x00000000ecc00000)
 ParOldGen       total 68608K, used 16K [0x00000000c0000000, 0x00000000c4300000, 0x00000000eab00000)
  object space 68608K, 0% used [0x00000000c0000000,0x00000000c0004000,0x00000000c4300000)
 Metaspace       used 8145K, committed 8448K, reserved 1114112K
  class space    used 808K, committed 960K, reserved 1048576K
}
Event: 2.533 GC heap after
{Heap after GC invocations=2 (full 0):
 PSYoungGen      total 29696K, used 4074K [0x00000000eab00000, 0x00000000ecc00000, 0x0000000100000000)
  eden space 25600K, 0% used [0x00000000eab00000,0x00000000eab00000,0x00000000ec400000)
  from space 4096K, 99% used [0x00000000ec800000,0x00000000ecbfa948,0x00000000ecc00000)
  to   space 4096K, 0% used [0x00000000ec400000,0x00000000ec400000,0x00000000ec800000)
 ParOldGen       total 68608K, used 877K [0x00000000c0000000, 0x00000000c4300000, 0x00000000eab00000)
  object space 68608K, 1% used [0x00000000c0000000,0x00000000c00db6b8,0x00000000c4300000)
 Metaspace       used 8145K, committed 8448K, reserved 1114112K
  class space    used 808K, committed 960K, reserved 1048576K
}
Event: 3.520 GC heap before
{Heap before GC invocations=3 (full 0):
 PSYoungGen      total 29696K, used 29674K [0x00000000eab00000, 0x00000000ecc00000, 0x0000000100000000)
  eden space 25600K, 100% used [0x00000000eab00000,0x00000000ec400000,0x00000000ec400000)
  from space 4096K, 99% used [0x00000000ec800000,0x00000000ecbfa948,0x00000000ecc00000)
  to   space 4096K, 0% used [0x00000000ec400000,0x00000000ec400000,0x00000000ec800000)
 ParOldGen       total 68608K, used 877K [0x00000000c0000000, 0x00000000c4300000, 0x00000000eab00000)
  object space 68608K, 1% used [0x00000000c0000000,0x00000000c00db6b8,0x00000000c4300000)
 Metaspace       used 12892K, committed 13440K, reserved 1114112K
  class space    used 1296K, committed 1536K, reserved 1048576K
}
Event: 3.525 GC heap after
{Heap after GC invocations=3 (full 0):
 PSYoungGen      total 29696K, used 4077K [0x00000000eab00000, 0x00000000ecc00000, 0x0000000100000000)
  eden space 25600K, 0% used [0x00000000eab00000,0x00000000eab00000,0x00000000ec400000)
  from space 4096K, 99% used [0x00000000ec400000,0x00000000ec7fb6d8,0x00000000ec800000)
  to   space 4096K, 0% used [0x00000000ec800000,0x00000000ec800000,0x00000000ecc00000)
 ParOldGen       total 68608K, used 2754K [0x00000000c0000000, 0x00000000c4300000, 0x00000000eab00000)
  object space 68608K, 4% used [0x00000000c0000000,0x00000000c02b0a00,0x00000000c4300000)
 Metaspace       used 12892K, committed 13440K, reserved 1114112K
  class space    used 1296K, committed 1536K, reserved 1048576K
}
Event: 4.066 GC heap before
{Heap before GC invocations=4 (full 0):
 PSYoungGen      total 29696K, used 29512K [0x00000000eab00000, 0x00000000ecc00000, 0x0000000100000000)
  eden space 25600K, 99% used [0x00000000eab00000,0x00000000ec3d6b18,0x00000000ec400000)
  from space 4096K, 99% used [0x00000000ec400000,0x00000000ec7fb6d8,0x00000000ec800000)
  to   space 4096K, 0% used [0x00000000ec800000,0x00000000ec800000,0x00000000ecc00000)
 ParOldGen       total 68608K, used 2754K [0x00000000c0000000, 0x00000000c4300000, 0x00000000eab00000)
  object space 68608K, 4% used [0x00000000c0000000,0x00000000c02b0a00,0x00000000c4300000)
 Metaspace       used 15756K, committed 16384K, reserved 1114112K
  class space    used 1568K, committed 1856K, reserved 1048576K
}
Event: 4.073 GC heap after
{Heap after GC invocations=4 (full 0):
 PSYoungGen      total 29696K, used 4073K [0x00000000eab00000, 0x00000000ecc00000, 0x0000000100000000)
  eden space 25600K, 0% used [0x00000000eab00000,0x00000000eab00000,0x00000000ec400000)
  from space 4096K, 99% used [0x00000000ec800000,0x00000000ecbfa598,0x00000000ecc00000)
  to   space 4096K, 0% used [0x00000000ec400000,0x00000000ec400000,0x00000000ec800000)
 ParOldGen       total 68608K, used 5445K [0x00000000c0000000, 0x00000000c4300000, 0x00000000eab00000)
  object space 68608K, 7% used [0x00000000c0000000,0x00000000c0551678,0x00000000c4300000)
 Metaspace       used 15756K, committed 16384K, reserved 1114112K
  class space    used 1568K, committed 1856K, reserved 1048576K
}
Event: 4.622 GC heap before
{Heap before GC invocations=5 (full 0):
 PSYoungGen      total 29696K, used 29567K [0x00000000eab00000, 0x00000000ecc00000, 0x0000000100000000)
  eden space 25600K, 99% used [0x00000000eab00000,0x00000000ec3e5a38,0x00000000ec400000)
  from space 4096K, 99% used [0x00000000ec800000,0x00000000ecbfa598,0x00000000ecc00000)
  to   space 4096K, 0% used [0x00000000ec400000,0x00000000ec400000,0x00000000ec800000)
 ParOldGen       total 68608K, used 5445K [0x00000000c0000000, 0x00000000c4300000, 0x00000000eab00000)
  object space 68608K, 7% used [0x00000000c0000000,0x00000000c0551678,0x00000000c4300000)
 Metaspace       used 19993K, committed 20672K, reserved 1114112K
  class space    used 1871K, committed 2176K, reserved 1048576K
}
Event: 4.627 GC heap after
{Heap after GC invocations=5 (full 0):
 PSYoungGen      total 29184K, used 4074K [0x00000000eab00000, 0x00000000ece80000, 0x0000000100000000)
  eden space 25088K, 0% used [0x00000000eab00000,0x00000000eab00000,0x00000000ec380000)
  from space 4096K, 99% used [0x00000000ec400000,0x00000000ec7fa878,0x00000000ec800000)
  to   space 5632K, 0% used [0x00000000ec900000,0x00000000ec900000,0x00000000ece80000)
 ParOldGen       total 68608K, used 6099K [0x00000000c0000000, 0x00000000c4300000, 0x00000000eab00000)
  object space 68608K, 8% used [0x00000000c0000000,0x00000000c05f4e68,0x00000000c4300000)
 Metaspace       used 19993K, committed 20672K, reserved 1114112K
  class space    used 1871K, committed 2176K, reserved 1048576K
}
Event: 5.123 GC heap before
{Heap before GC invocations=6 (full 0):
 PSYoungGen      total 29184K, used 25381K [0x00000000eab00000, 0x00000000ece80000, 0x0000000100000000)
  eden space 25088K, 84% used [0x00000000eab00000,0x00000000ebfcec28,0x00000000ec380000)
  from space 4096K, 99% used [0x00000000ec400000,0x00000000ec7fa878,0x00000000ec800000)
  to   space 5632K, 0% used [0x00000000ec900000,0x00000000ec900000,0x00000000ece80000)
 ParOldGen       total 68608K, used 6099K [0x00000000c0000000, 0x00000000c4300000, 0x00000000eab00000)
  object space 68608K, 8% used [0x00000000c0000000,0x00000000c05f4e68,0x00000000c4300000)
 Metaspace       used 20851K, committed 21504K, reserved 1114112K
  class space    used 1912K, committed 2176K, reserved 1048576K
}
Event: 5.130 GC heap after
{Heap after GC invocations=6 (full 0):
 PSYoungGen      total 30720K, used 5607K [0x00000000eab00000, 0x00000000ece80000, 0x0000000100000000)
  eden space 25088K, 0% used [0x00000000eab00000,0x00000000eab00000,0x00000000ec380000)
  from space 5632K, 99% used [0x00000000ec900000,0x00000000ece79c30,0x00000000ece80000)
  to   space 4096K, 0% used [0x00000000ec400000,0x00000000ec400000,0x00000000ec800000)
 ParOldGen       total 68608K, used 7192K [0x00000000c0000000, 0x00000000c4300000, 0x00000000eab00000)
  object space 68608K, 10% used [0x00000000c0000000,0x00000000c0706378,0x00000000c4300000)
 Metaspace       used 20851K, committed 21504K, reserved 1114112K
  class space    used 1912K, committed 2176K, reserved 1048576K
}
Event: 5.130 GC heap before
{Heap before GC invocations=7 (full 1):
 PSYoungGen      total 30720K, used 5607K [0x00000000eab00000, 0x00000000ece80000, 0x0000000100000000)
  eden space 25088K, 0% used [0x00000000eab00000,0x00000000eab00000,0x00000000ec380000)
  from space 5632K, 99% used [0x00000000ec900000,0x00000000ece79c30,0x00000000ece80000)
  to   space 4096K, 0% used [0x00000000ec400000,0x00000000ec400000,0x00000000ec800000)
 ParOldGen       total 68608K, used 7192K [0x00000000c0000000, 0x00000000c4300000, 0x00000000eab00000)
  object space 68608K, 10% used [0x00000000c0000000,0x00000000c0706378,0x00000000c4300000)
 Metaspace       used 20851K, committed 21504K, reserved 1114112K
  class space    used 1912K, committed 2176K, reserved 1048576K
}
Event: 5.164 GC heap after
{Heap after GC invocations=7 (full 1):
 PSYoungGen      total 30720K, used 0K [0x00000000eab00000, 0x00000000ece80000, 0x0000000100000000)
  eden space 25088K, 0% used [0x00000000eab00000,0x00000000eab00000,0x00000000ec380000)
  from space 5632K, 0% used [0x00000000ec900000,0x00000000ec900000,0x00000000ece80000)
  to   space 4096K, 0% used [0x00000000ec400000,0x00000000ec400000,0x00000000ec800000)
 ParOldGen       total 68608K, used 10677K [0x00000000c0000000, 0x00000000c4300000, 0x00000000eab00000)
  object space 68608K, 15% used [0x00000000c0000000,0x00000000c0a6d778,0x00000000c4300000)
 Metaspace       used 20838K, committed 21504K, reserved 1114112K
  class space    used 1909K, committed 2176K, reserved 1048576K
}

Dll operation events (9 events):
Event: 0.017 Loaded shared library c:\Users\zoro\.vscode\extensions\redhat.java-1.41.1-win32-x64\jre\21.0.6-win32-x86_64\bin\java.dll
Event: 0.121 Loaded shared library c:\Users\zoro\.vscode\extensions\redhat.java-1.41.1-win32-x64\jre\21.0.6-win32-x86_64\bin\zip.dll
Event: 0.184 Loaded shared library C:\Users\zoro\.vscode\extensions\redhat.java-1.41.1-win32-x64\jre\21.0.6-win32-x86_64\bin\instrument.dll
Event: 0.195 Loaded shared library C:\Users\zoro\.vscode\extensions\redhat.java-1.41.1-win32-x64\jre\21.0.6-win32-x86_64\bin\net.dll
Event: 0.206 Loaded shared library C:\Users\zoro\.vscode\extensions\redhat.java-1.41.1-win32-x64\jre\21.0.6-win32-x86_64\bin\nio.dll
Event: 0.212 Loaded shared library C:\Users\zoro\.vscode\extensions\redhat.java-1.41.1-win32-x64\jre\21.0.6-win32-x86_64\bin\zip.dll
Event: 0.253 Loaded shared library C:\Users\zoro\.vscode\extensions\redhat.java-1.41.1-win32-x64\jre\21.0.6-win32-x86_64\bin\jimage.dll
Event: 0.416 Loaded shared library c:\Users\zoro\.vscode\extensions\redhat.java-1.41.1-win32-x64\jre\21.0.6-win32-x86_64\bin\verify.dll
Event: 2.441 Loaded shared library C:\Users\zoro\AppData\Roaming\Code\User\globalStorage\redhat.java\1.41.1\config_ss_win\org.eclipse.equinox.launcher\org.eclipse.equinox.launcher.win32.win32.x86_64_1.2.1300.v20250331-1702\eclipse_11911.dll

Deoptimization events (20 events):
Event: 5.178 Thread 0x000001f5517f1f30 Uncommon trap: trap_request=0xffffffc6 fr.pc=0x000001f548182e00 relative=0x00000000000009a0
Event: 5.178 Thread 0x000001f5517f1f30 Uncommon trap: reason=bimorphic_or_optimized_type_check action=maybe_recompile pc=0x000001f548182e00 method=java.util.HashMap.putVal(ILjava/lang/Object;Ljava/lang/Object;ZZ)Ljava/lang/Object; @ 56 c2
Event: 5.178 Thread 0x000001f5517f1f30 DEOPT PACKING pc=0x000001f548182e00 sp=0x000000e6068fdb50
Event: 5.178 Thread 0x000001f5517f1f30 DEOPT UNPACKING pc=0x000001f547ba3aa2 sp=0x000000e6068fda50 mode 2
Event: 5.178 Thread 0x000001f5517f1f30 Uncommon trap: trap_request=0xffffffc6 fr.pc=0x000001f548182e00 relative=0x00000000000009a0
Event: 5.179 Thread 0x000001f5517f1f30 Uncommon trap: reason=bimorphic_or_optimized_type_check action=maybe_recompile pc=0x000001f548182e00 method=java.util.HashMap.putVal(ILjava/lang/Object;Ljava/lang/Object;ZZ)Ljava/lang/Object; @ 56 c2
Event: 5.179 Thread 0x000001f5517f1f30 DEOPT PACKING pc=0x000001f548182e00 sp=0x000000e6068fdb50
Event: 5.179 Thread 0x000001f5517f1f30 DEOPT UNPACKING pc=0x000001f547ba3aa2 sp=0x000000e6068fda50 mode 2
Event: 5.179 Thread 0x000001f5517f1f30 Uncommon trap: trap_request=0xffffffc6 fr.pc=0x000001f548182e30 relative=0x00000000000009d0
Event: 5.179 Thread 0x000001f5517f1f30 Uncommon trap: reason=bimorphic_or_optimized_type_check action=maybe_recompile pc=0x000001f548182e30 method=java.util.HashMap.putVal(ILjava/lang/Object;Ljava/lang/Object;ZZ)Ljava/lang/Object; @ 152 c2
Event: 5.179 Thread 0x000001f5517f1f30 DEOPT PACKING pc=0x000001f548182e30 sp=0x000000e6068fdb50
Event: 5.179 Thread 0x000001f5517f1f30 DEOPT UNPACKING pc=0x000001f547ba3aa2 sp=0x000000e6068fda58 mode 2
Event: 5.179 Thread 0x000001f5517f1f30 Uncommon trap: trap_request=0xffffffc6 fr.pc=0x000001f548182e00 relative=0x00000000000009a0
Event: 5.179 Thread 0x000001f5517f1f30 Uncommon trap: reason=bimorphic_or_optimized_type_check action=maybe_recompile pc=0x000001f548182e00 method=java.util.HashMap.putVal(ILjava/lang/Object;Ljava/lang/Object;ZZ)Ljava/lang/Object; @ 56 c2
Event: 5.179 Thread 0x000001f5517f1f30 DEOPT PACKING pc=0x000001f548182e00 sp=0x000000e6068fdb50
Event: 5.179 Thread 0x000001f5517f1f30 DEOPT UNPACKING pc=0x000001f547ba3aa2 sp=0x000000e6068fda50 mode 2
Event: 5.179 Thread 0x000001f5517f1f30 Uncommon trap: trap_request=0xffffffc6 fr.pc=0x000001f5480ffa48 relative=0x0000000000000908
Event: 5.179 Thread 0x000001f5517f1f30 Uncommon trap: reason=bimorphic_or_optimized_type_check action=maybe_recompile pc=0x000001f5480ffa48 method=java.util.HashMap.putVal(ILjava/lang/Object;Ljava/lang/Object;ZZ)Ljava/lang/Object; @ 56 c2
Event: 5.179 Thread 0x000001f5517f1f30 DEOPT PACKING pc=0x000001f5480ffa48 sp=0x000000e6068fdac0
Event: 5.179 Thread 0x000001f5517f1f30 DEOPT UNPACKING pc=0x000001f547ba3aa2 sp=0x000000e6068fda58 mode 2

Classes loaded (20 events):
Event: 3.952 Loading class java/net/ProtocolException
Event: 3.952 Loading class java/net/ProtocolException done
Event: 3.977 Loading class java/lang/ThreadLocal$SuppliedThreadLocal
Event: 3.977 Loading class java/lang/ThreadLocal$SuppliedThreadLocal done
Event: 3.996 Loading class java/io/FileWriter
Event: 3.996 Loading class java/io/FileWriter done
Event: 4.098 Loading class java/lang/NegativeArraySizeException
Event: 4.098 Loading class java/lang/NegativeArraySizeException done
Event: 5.176 Loading class java/lang/ProcessEnvironment
Event: 5.177 Loading class java/lang/ProcessEnvironment done
Event: 5.178 Loading class java/lang/ProcessEnvironment$NameComparator
Event: 5.178 Loading class java/lang/ProcessEnvironment$NameComparator done
Event: 5.178 Loading class java/lang/ProcessEnvironment$EntryComparator
Event: 5.178 Loading class java/lang/ProcessEnvironment$EntryComparator done
Event: 5.179 Loading class java/lang/ProcessEnvironment$CheckedEntrySet
Event: 5.180 Loading class java/lang/ProcessEnvironment$CheckedEntrySet done
Event: 5.180 Loading class java/lang/ProcessEnvironment$CheckedEntrySet$1
Event: 5.180 Loading class java/lang/ProcessEnvironment$CheckedEntrySet$1 done
Event: 5.180 Loading class java/lang/ProcessEnvironment$CheckedEntry
Event: 5.180 Loading class java/lang/ProcessEnvironment$CheckedEntry done

Classes unloaded (7 events):
Event: 5.136 Thread 0x000001f53d4db860 Unloading class 0x000001f553182c00 'java/lang/invoke/LambdaForm$MH+0x000001f553182c00'
Event: 5.136 Thread 0x000001f53d4db860 Unloading class 0x000001f553182800 'java/lang/invoke/LambdaForm$MH+0x000001f553182800'
Event: 5.136 Thread 0x000001f53d4db860 Unloading class 0x000001f553182400 'java/lang/invoke/LambdaForm$MH+0x000001f553182400'
Event: 5.136 Thread 0x000001f53d4db860 Unloading class 0x000001f553182000 'java/lang/invoke/LambdaForm$MH+0x000001f553182000'
Event: 5.136 Thread 0x000001f53d4db860 Unloading class 0x000001f553181c00 'java/lang/invoke/LambdaForm$BMH+0x000001f553181c00'
Event: 5.136 Thread 0x000001f53d4db860 Unloading class 0x000001f553181800 'java/lang/invoke/LambdaForm$DMH+0x000001f553181800'
Event: 5.136 Thread 0x000001f53d4db860 Unloading class 0x000001f553180400 'java/lang/invoke/LambdaForm$DMH+0x000001f553180400'

Classes redefined (0 events):
No events

Internal exceptions (20 events):
Event: 3.448 Thread 0x000001f5517f1f30 Exception <a 'java/lang/NoSuchMethodError'{0x00000000ec29e0b8}: 'java.lang.Object java.lang.invoke.DirectMethodHandle$Holder.newInvokeSpecial(java.lang.Object, java.lang.Object, java.lang.Object, java.lang.Object, java.lang.Object, java.lang.Object)'> (0x00000000ec29e0b8) 
thrown [s\src\hotspot\share\interpreter\linkResolver.cpp, line 773]
Event: 3.453 Thread 0x000001f5517f1f30 Exception <a 'java/lang/NoSuchMethodError'{0x00000000ec2ba558}: 'void java.lang.invoke.Invokers$Holder.invokeExact_MT(java.lang.Object, java.lang.Object, java.lang.Object, java.lang.Object)'> (0x00000000ec2ba558) 
thrown [s\src\hotspot\share\interpreter\linkResolver.cpp, line 773]
Event: 3.529 Thread 0x000001f5517f1f30 Exception <a 'java/io/FileNotFoundException'{0x00000000eab1abf0}> (0x00000000eab1abf0) 
thrown [s\src\hotspot\share\prims\jni.cpp, line 520]
Event: 3.531 Thread 0x000001f5517f1f30 Exception <a 'java/io/FileNotFoundException'{0x00000000eab22360}> (0x00000000eab22360) 
thrown [s\src\hotspot\share\prims\jni.cpp, line 520]
Event: 3.689 Thread 0x000001f5517f1f30 Exception <a 'java/lang/NoSuchMethodError'{0x00000000eb13db18}: 'java.lang.Object java.lang.invoke.DirectMethodHandle$Holder.newInvokeSpecial(java.lang.Object, java.lang.Object, java.lang.Object, java.lang.Object, java.lang.Object)'> (0x00000000eb13db18) 
thrown [s\src\hotspot\share\interpreter\linkResolver.cpp, line 773]
Event: 3.713 Thread 0x000001f5517f1f30 Exception <a 'java/lang/NoSuchMethodError'{0x00000000eb21cde0}: 'java.lang.Object java.lang.invoke.DirectMethodHandle$Holder.invokeSpecial(java.lang.Object, java.lang.Object, java.lang.Object, long, java.lang.Object)'> (0x00000000eb21cde0) 
thrown [s\src\hotspot\share\interpreter\linkResolver.cpp, line 773]
Event: 3.714 Thread 0x000001f5517f1f30 Exception <a 'java/lang/NoSuchMethodError'{0x00000000eb224570}: 'java.lang.Object java.lang.invoke.DirectMethodHandle$Holder.newInvokeSpecial(java.lang.Object, java.lang.Object, java.lang.Object, long)'> (0x00000000eb224570) 
thrown [s\src\hotspot\share\interpreter\linkResolver.cpp, line 773]
Event: 3.715 Thread 0x000001f5517f1f30 Exception <a 'java/lang/NoSuchMethodError'{0x00000000eb2281f0}: 'java.lang.Object java.lang.invoke.Invokers$Holder.linkToTargetMethod(java.lang.Object, java.lang.Object, long, java.lang.Object)'> (0x00000000eb2281f0) 
thrown [s\src\hotspot\share\interpreter\linkResolver.cpp, line 773]
Event: 3.730 Thread 0x000001f5517f1f30 Exception <a 'java/lang/NoSuchMethodError'{0x00000000eb2801d8}: 'int java.lang.invoke.DirectMethodHandle$Holder.invokeStaticInit(java.lang.Object, java.lang.Object, java.lang.Object)'> (0x00000000eb2801d8) 
thrown [s\src\hotspot\share\interpreter\linkResolver.cpp, line 773]
Event: 3.754 Thread 0x000001f5517f1f30 Exception <a 'java/lang/IncompatibleClassChangeError'{0x00000000eb329b20}: Found class java.lang.Object, but interface was expected> (0x00000000eb329b20) 
thrown [s\src\hotspot\share\interpreter\linkResolver.cpp, line 840]
Event: 3.756 Thread 0x000001f5517f1f30 Exception <a 'java/lang/NoSuchMethodError'{0x00000000eb32d478}: 'java.lang.Object java.lang.invoke.DirectMethodHandle$Holder.invokeSpecial(java.lang.Object, java.lang.Object, java.lang.Object, int, java.lang.Object, java.lang.Object)'> (0x00000000eb32d478) 
thrown [s\src\hotspot\share\interpreter\linkResolver.cpp, line 773]
Event: 3.757 Thread 0x000001f5517f1f30 Exception <a 'java/lang/NoSuchMethodError'{0x00000000eb334d10}: 'java.lang.Object java.lang.invoke.DirectMethodHandle$Holder.newInvokeSpecial(java.lang.Object, java.lang.Object, java.lang.Object, int, java.lang.Object)'> (0x00000000eb334d10) 
thrown [s\src\hotspot\share\interpreter\linkResolver.cpp, line 773]
Event: 3.767 Thread 0x000001f5517f1f30 Exception <a 'java/lang/NoSuchMethodError'{0x00000000eb338800}: 'java.lang.Object java.lang.invoke.Invokers$Holder.linkToTargetMethod(java.lang.Object, java.lang.Object, int, java.lang.Object, java.lang.Object)'> (0x00000000eb338800) 
thrown [s\src\hotspot\share\interpreter\linkResolver.cpp, line 773]
Event: 3.769 Thread 0x000001f5990b5430 Exception <a 'java/lang/NoSuchMethodError'{0x00000000eb2a73d0}: 'java.lang.Object java.lang.invoke.DirectMethodHandle$Holder.invokeSpecial(java.lang.Object, java.lang.Object, int, java.lang.Object, java.lang.Object)'> (0x00000000eb2a73d0) 
thrown [s\src\hotspot\share\interpreter\linkResolver.cpp, line 773]
Event: 3.770 Thread 0x000001f5990b5430 Exception <a 'java/lang/NoSuchMethodError'{0x00000000eb2ae108}: 'java.lang.Object java.lang.invoke.DirectMethodHandle$Holder.newInvokeSpecial(java.lang.Object, java.lang.Object, int, java.lang.Object)'> (0x00000000eb2ae108) 
thrown [s\src\hotspot\share\interpreter\linkResolver.cpp, line 773]
Event: 3.815 Thread 0x000001f5517f1f30 Exception <a 'java/lang/NoSuchMethodError'{0x00000000eb46ef48}: 'void java.lang.invoke.DirectMethodHandle$Holder.invokeSpecial(java.lang.Object, java.lang.Object, java.lang.Object, java.lang.Object, java.lang.Object)'> (0x00000000eb46ef48) 
thrown [s\src\hotspot\share\interpreter\linkResolver.cpp, line 773]
Event: 3.891 Thread 0x000001f5517f1f30 Exception <a 'java/lang/NoSuchMethodError'{0x00000000eb74ca28}: 'double java.lang.invoke.DirectMethodHandle$Holder.invokeStatic(java.lang.Object, java.lang.Object)'> (0x00000000eb74ca28) 
thrown [s\src\hotspot\share\interpreter\linkResolver.cpp, line 773]
Event: 3.892 Thread 0x000001f5517f1f30 Exception <a 'java/lang/NoSuchMethodError'{0x00000000eb7500e8}: 'double java.lang.invoke.DirectMethodHandle$Holder.invokeStaticInit(java.lang.Object, java.lang.Object)'> (0x00000000eb7500e8) 
thrown [s\src\hotspot\share\interpreter\linkResolver.cpp, line 773]
Event: 4.487 Thread 0x000001f5517f1f30 Implicit null exception at 0x000001f5481f8e75 to 0x000001f5481f8f68
Event: 5.039 Thread 0x000001f5517f1f30 Exception <a 'java/lang/NoSuchMethodError'{0x00000000ebdfbe38}: 'java.lang.Object java.lang.invoke.DirectMethodHandle$Holder.newInvokeSpecial(java.lang.Object, int, java.lang.Object, java.lang.Object)'> (0x00000000ebdfbe38) 
thrown [s\src\hotspot\share\interpreter\linkResolver.cpp, line 773]

ZGC Phase Switch (0 events):
No events

VM Operations (20 events):
Event: 3.237 Executing VM operation: HandshakeAllThreads (Deoptimize)
Event: 3.237 Executing VM operation: HandshakeAllThreads (Deoptimize) done
Event: 3.520 Executing VM operation: ParallelGCFailedAllocation (Allocation Failure)
Event: 3.525 Executing VM operation: ParallelGCFailedAllocation (Allocation Failure) done
Event: 3.560 Executing VM operation: HandshakeAllThreads (Deoptimize)
Event: 3.560 Executing VM operation: HandshakeAllThreads (Deoptimize) done
Event: 3.567 Executing VM operation: HandshakeAllThreads (Deoptimize)
Event: 3.567 Executing VM operation: HandshakeAllThreads (Deoptimize) done
Event: 3.594 Executing VM operation: HandshakeAllThreads (Deoptimize)
Event: 3.594 Executing VM operation: HandshakeAllThreads (Deoptimize) done
Event: 4.066 Executing VM operation: ParallelGCFailedAllocation (Allocation Failure)
Event: 4.073 Executing VM operation: ParallelGCFailedAllocation (Allocation Failure) done
Event: 4.622 Executing VM operation: ParallelGCFailedAllocation (Allocation Failure)
Event: 4.627 Executing VM operation: ParallelGCFailedAllocation (Allocation Failure) done
Event: 4.926 Executing VM operation: HandshakeAllThreads (Deoptimize)
Event: 4.927 Executing VM operation: HandshakeAllThreads (Deoptimize) done
Event: 5.123 Executing VM operation: CollectForMetadataAllocation (Metadata GC Threshold)
Event: 5.165 Executing VM operation: CollectForMetadataAllocation (Metadata GC Threshold) done
Event: 5.177 Executing VM operation: HandshakeAllThreads (Deoptimize)
Event: 5.177 Executing VM operation: HandshakeAllThreads (Deoptimize) done

Memory protections (0 events):
No events

Nmethod flushes (0 events):
No events

Events (20 events):
Event: 0.067 Thread 0x000001f53d43d940 Thread added: 0x000001f551802960
Event: 0.067 Thread 0x000001f53d43d940 Thread added: 0x000001f5518057b0
Event: 0.100 Thread 0x000001f53d43d940 Thread added: 0x000001f5517f3970
Event: 0.405 Thread 0x000001f5518057b0 Thread added: 0x000001f5944b5710
Event: 0.624 Thread 0x000001f53d43d940 Thread added: 0x000001f5517f4000
Event: 2.026 Thread 0x000001f53d43d940 Thread added: 0x000001f5517f4690
Event: 2.416 Thread 0x000001f53d43d940 Thread added: 0x000001f5517f4d20
Event: 2.429 Thread 0x000001f53d43d940 Thread added: 0x000001f5517f1f30
Event: 2.500 Thread 0x000001f5517f1f30 Thread added: 0x000001f5517f18a0
Event: 2.503 Thread 0x000001f5944b5710 Thread exited: 0x000001f5944b5710
Event: 2.765 Thread 0x000001f5517f1f30 Thread added: 0x000001f5990b2640
Event: 2.921 Thread 0x000001f5518057b0 Thread added: 0x000001f594a72e10
Event: 3.301 Thread 0x000001f5517f1f30 Thread added: 0x000001f5990b4da0
Event: 3.370 Thread 0x000001f594a72e10 Thread exited: 0x000001f594a72e10
Event: 3.433 Thread 0x000001f5518057b0 Thread added: 0x000001f594a72e10
Event: 3.723 Thread 0x000001f5517f1f30 Thread added: 0x000001f5990b5430
Event: 3.773 Thread 0x000001f5517f1f30 Thread added: 0x000001f5990b3360
Event: 4.215 Thread 0x000001f594a72e10 Thread exited: 0x000001f594a72e10
Event: 4.779 Thread 0x000001f5518057b0 Thread added: 0x000001f5997728e0
Event: 5.014 Thread 0x000001f5517f1f30 Thread added: 0x000001f5990b1fb0


Dynamic libraries:
0x00007ff70e040000 - 0x00007ff70e04e000 	c:\Users\zoro\.vscode\extensions\redhat.java-1.41.1-win32-x64\jre\21.0.6-win32-x86_64\bin\java.exe
0x00007ff9ef810000 - 0x00007ff9efa27000 	C:\WINDOWS\SYSTEM32\ntdll.dll
0x00007ff9ad1f0000 - 0x00007ff9ad20a000 	C:\Program Files\AVG\Antivirus\aswhook.dll
0x00007ff9ef020000 - 0x00007ff9ef0e4000 	C:\WINDOWS\System32\KERNEL32.DLL
0x00007ff9ed030000 - 0x00007ff9ed403000 	C:\WINDOWS\System32\KERNELBASE.dll
0x00007ff9ecc70000 - 0x00007ff9ecd81000 	C:\WINDOWS\System32\ucrtbase.dll
0x00007ff9cfb00000 - 0x00007ff9cfb18000 	c:\Users\zoro\.vscode\extensions\redhat.java-1.41.1-win32-x64\jre\21.0.6-win32-x86_64\bin\jli.dll
0x00007ff9cc240000 - 0x00007ff9cc25e000 	c:\Users\zoro\.vscode\extensions\redhat.java-1.41.1-win32-x64\jre\21.0.6-win32-x86_64\bin\VCRUNTIME140.dll
0x00007ff9ef250000 - 0x00007ff9ef401000 	C:\WINDOWS\System32\USER32.dll
0x00007ff9ca230000 - 0x00007ff9ca4cb000 	C:\WINDOWS\WinSxS\amd64_microsoft.windows.common-controls_6595b64144ccf1df_6.0.22621.5262_none_2712bde373830908\COMCTL32.dll
0x00007ff9ecd90000 - 0x00007ff9ecdb6000 	C:\WINDOWS\System32\win32u.dll
0x00007ff9eeaa0000 - 0x00007ff9eeac9000 	C:\WINDOWS\System32\GDI32.dll
0x00007ff9ee9f0000 - 0x00007ff9eea97000 	C:\WINDOWS\System32\msvcrt.dll
0x00007ff9ecf00000 - 0x00007ff9ed022000 	C:\WINDOWS\System32\gdi32full.dll
0x00007ff9ed410000 - 0x00007ff9ed4aa000 	C:\WINDOWS\System32\msvcp_win.dll
0x00007ff9ef5b0000 - 0x00007ff9ef5e1000 	C:\WINDOWS\System32\IMM32.DLL
0x00007ff9cc230000 - 0x00007ff9cc23c000 	c:\Users\zoro\.vscode\extensions\redhat.java-1.41.1-win32-x64\jre\21.0.6-win32-x86_64\bin\vcruntime140_1.dll
0x00007ff9a20d0000 - 0x00007ff9a215d000 	c:\Users\zoro\.vscode\extensions\redhat.java-1.41.1-win32-x64\jre\21.0.6-win32-x86_64\bin\msvcp140.dll
0x00007ff93c8a0000 - 0x00007ff93d630000 	c:\Users\zoro\.vscode\extensions\redhat.java-1.41.1-win32-x64\jre\21.0.6-win32-x86_64\bin\server\jvm.dll
0x00007ff9ef190000 - 0x00007ff9ef241000 	C:\WINDOWS\System32\ADVAPI32.dll
0x00007ff9ef410000 - 0x00007ff9ef4b7000 	C:\WINDOWS\System32\sechost.dll
0x00007ff9ec910000 - 0x00007ff9ec938000 	C:\WINDOWS\System32\bcrypt.dll
0x00007ff9ee8d0000 - 0x00007ff9ee9e4000 	C:\WINDOWS\System32\RPCRT4.dll
0x00007ff9ef110000 - 0x00007ff9ef181000 	C:\WINDOWS\System32\WS2_32.dll
0x00007ff9ec7e0000 - 0x00007ff9ec82d000 	C:\WINDOWS\SYSTEM32\POWRPROF.dll
0x00007ff9e7c00000 - 0x00007ff9e7c34000 	C:\WINDOWS\SYSTEM32\WINMM.dll
0x00007ff9e5670000 - 0x00007ff9e567a000 	C:\WINDOWS\SYSTEM32\VERSION.dll
0x00007ff9ec7c0000 - 0x00007ff9ec7d3000 	C:\WINDOWS\SYSTEM32\UMPDC.dll
0x00007ff9eb910000 - 0x00007ff9eb928000 	C:\WINDOWS\SYSTEM32\kernel.appcore.dll
0x00007ff9cc220000 - 0x00007ff9cc22a000 	c:\Users\zoro\.vscode\extensions\redhat.java-1.41.1-win32-x64\jre\21.0.6-win32-x86_64\bin\jimage.dll
0x00007ff9ea1d0000 - 0x00007ff9ea402000 	C:\WINDOWS\SYSTEM32\DBGHELP.DLL
0x00007ff9eda70000 - 0x00007ff9ede03000 	C:\WINDOWS\System32\combase.dll
0x00007ff9ed920000 - 0x00007ff9ed9f7000 	C:\WINDOWS\System32\OLEAUT32.dll
0x00007ff9e4850000 - 0x00007ff9e4882000 	C:\WINDOWS\SYSTEM32\dbgcore.DLL
0x00007ff9ec940000 - 0x00007ff9ec9bb000 	C:\WINDOWS\System32\bcryptPrimitives.dll
0x00007ff9c4df0000 - 0x00007ff9c4dff000 	c:\Users\zoro\.vscode\extensions\redhat.java-1.41.1-win32-x64\jre\21.0.6-win32-x86_64\bin\instrument.dll
0x00007ff9c4cb0000 - 0x00007ff9c4ccf000 	c:\Users\zoro\.vscode\extensions\redhat.java-1.41.1-win32-x64\jre\21.0.6-win32-x86_64\bin\java.dll
0x00007ff9ee020000 - 0x00007ff9ee8bd000 	C:\WINDOWS\System32\SHELL32.dll
0x00007ff9ecb30000 - 0x00007ff9ecc6f000 	C:\WINDOWS\System32\wintypes.dll
0x00007ff9ea800000 - 0x00007ff9eb11d000 	C:\WINDOWS\SYSTEM32\windows.storage.dll
0x00007ff9ed540000 - 0x00007ff9ed64b000 	C:\WINDOWS\System32\SHCORE.dll
0x00007ff9eda00000 - 0x00007ff9eda66000 	C:\WINDOWS\System32\shlwapi.dll
0x00007ff9ec840000 - 0x00007ff9ec86b000 	C:\WINDOWS\SYSTEM32\profapi.dll
0x00007ff9c3090000 - 0x00007ff9c30a8000 	c:\Users\zoro\.vscode\extensions\redhat.java-1.41.1-win32-x64\jre\21.0.6-win32-x86_64\bin\zip.dll
0x00007ff9c4de0000 - 0x00007ff9c4df0000 	C:\Users\zoro\.vscode\extensions\redhat.java-1.41.1-win32-x64\jre\21.0.6-win32-x86_64\bin\net.dll
0x00007ff9e7680000 - 0x00007ff9e77ac000 	C:\WINDOWS\SYSTEM32\WINHTTP.dll
0x00007ff9ebd80000 - 0x00007ff9ebdea000 	C:\WINDOWS\system32\mswsock.dll
0x00007ff9c3070000 - 0x00007ff9c3086000 	C:\Users\zoro\.vscode\extensions\redhat.java-1.41.1-win32-x64\jre\21.0.6-win32-x86_64\bin\nio.dll
0x00007ff9c4ca0000 - 0x00007ff9c4cb0000 	c:\Users\zoro\.vscode\extensions\redhat.java-1.41.1-win32-x64\jre\21.0.6-win32-x86_64\bin\verify.dll
0x00007ff98adc0000 - 0x00007ff98ae05000 	C:\Users\zoro\AppData\Roaming\Code\User\globalStorage\redhat.java\1.41.1\config_ss_win\org.eclipse.equinox.launcher\org.eclipse.equinox.launcher.win32.win32.x86_64_1.2.1300.v20250331-1702\eclipse_11911.dll
0x00007ff9ede70000 - 0x00007ff9ee011000 	C:\WINDOWS\System32\ole32.dll

dbghelp: loaded successfully - version: 4.0.5 - missing functions: none
symbol engine: initialized successfully - sym options: 0x614 - pdb path: .;c:\Users\zoro\.vscode\extensions\redhat.java-1.41.1-win32-x64\jre\21.0.6-win32-x86_64\bin;C:\WINDOWS\SYSTEM32;C:\Program Files\AVG\Antivirus;C:\WINDOWS\WinSxS\amd64_microsoft.windows.common-controls_6595b64144ccf1df_6.0.22621.5262_none_2712bde373830908;c:\Users\zoro\.vscode\extensions\redhat.java-1.41.1-win32-x64\jre\21.0.6-win32-x86_64\bin\server;C:\Users\zoro\AppData\Roaming\Code\User\globalStorage\redhat.java\1.41.1\config_ss_win\org.eclipse.equinox.launcher\org.eclipse.equinox.launcher.win32.win32.x86_64_1.2.1300.v20250331-1702

VM Arguments:
jvm_args: --add-modules=ALL-SYSTEM --add-opens=java.base/java.util=ALL-UNNAMED --add-opens=java.base/java.lang=ALL-UNNAMED --add-opens=java.base/sun.nio.fs=ALL-UNNAMED -Declipse.application=org.eclipse.jdt.ls.core.id1 -Dosgi.bundles.defaultStartLevel=4 -Declipse.product=org.eclipse.jdt.ls.core.product -Djava.import.generatesMetadataFilesAtProjectRoot=false -DDetectVMInstallationsJob.disabled=true -Dfile.encoding=utf8 -XX:+UseParallelGC -XX:GCTimeRatio=4 -XX:AdaptiveSizePolicyWeight=90 -Dsun.zip.disableMemoryMapping=true -Xmx1G -Xms100m -Xlog:disable -javaagent:c:\Users\zoro\.vscode\extensions\redhat.java-1.41.1-win32-x64\lombok\lombok-1.18.36.jar 
java_command: c:\Users\zoro\.vscode\extensions\redhat.java-1.41.1-win32-x64\server\plugins\org.eclipse.equinox.launcher_1.7.0.v20250331-1702.jar -configuration c:\Users\zoro\AppData\Roaming\Code\User\globalStorage\redhat.java\1.41.1\config_ss_win -data c:\Users\zoro\AppData\Roaming\Code\User\workspaceStorage\ba41cc73ded8ec4ecfd1c612aec40166\redhat.java\ss_ws --pipe=\\.\pipe\lsp-d8d38aae717887a3f8545ae38c69d2e1-sock
java_class_path (initial): c:\Users\zoro\.vscode\extensions\redhat.java-1.41.1-win32-x64\server\plugins\org.eclipse.equinox.launcher_1.7.0.v20250331-1702.jar
Launcher Type: SUN_STANDARD

[Global flags]
    uintx AdaptiveSizePolicyWeight                 = 90                                        {product} {command line}
     intx CICompilerCount                          = 4                                         {product} {ergonomic}
    uintx GCTimeRatio                              = 4                                         {product} {command line}
   size_t InitialHeapSize                          = 104857600                                 {product} {command line}
   size_t MaxHeapSize                              = 1073741824                                {product} {command line}
   size_t MaxNewSize                               = 357564416                                 {product} {ergonomic}
   size_t MinHeapDeltaBytes                        = 524288                                    {product} {ergonomic}
   size_t MinHeapSize                              = 104857600                                 {product} {command line}
   size_t NewSize                                  = 34603008                                  {product} {ergonomic}
    uintx NonNMethodCodeHeapSize                   = 5839372                                {pd product} {ergonomic}
    uintx NonProfiledCodeHeapSize                  = 122909434                              {pd product} {ergonomic}
   size_t OldSize                                  = 70254592                                  {product} {ergonomic}
    uintx ProfiledCodeHeapSize                     = 122909434                              {pd product} {ergonomic}
    uintx ReservedCodeCacheSize                    = 251658240                              {pd product} {ergonomic}
     bool SegmentedCodeCache                       = true                                      {product} {ergonomic}
   size_t SoftMaxHeapSize                          = 1073741824                             {manageable} {ergonomic}
     bool UseCompressedOops                        = true                           {product lp64_product} {ergonomic}
     bool UseLargePagesIndividualAllocation        = false                                  {pd product} {ergonomic}
     bool UseParallelGC                            = true                                      {product} {command line}

Logging:
Log output configuration:
 #0: stdout all=off uptime,level,tags foldmultilines=false
 #1: stderr all=off uptime,level,tags foldmultilines=false

Environment Variables:
JAVA_HOME=C:\Program Files\Java\jdk-23
PATH=c:\Users\zoro\AppData\Local\Programs\cursor\resources\app\bin;C:\Program Files\Google\Chrome\Application;C:\Program Files\Microsoft MPI\Bin\;C:\app\zoro\product\21c\dbhomeXE\bin;C:\Program Files (x86)\VMware\VMware Workstation\bin\;C:\Program Files\Common Files\Oracle\Java\javapath;C:\Program Files (x86)\Common Files\Oracle\Java\java8path;C:\Program Files (x86)\Common Files\Oracle\Java\javapath;C:\ProgramData\Oracle\Java\javapath;C:\WINDOWS\system32;C:\WINDOWS;C:\WINDOWS\System32\Wbem;C:\WINDOWS\System32\WindowsPowerShell\v1.0\;C:\WINDOWS\System32\OpenSSH\;C:\Program Files\Intel\WiFi\bin\;C:\Program Files\Common Files\Intel\WirelessCommon\;C:\Program Files\dotnet\;C:\xampp\php;C:\ProgramData\ComposerSetup\bin;C:\Program Files\nodejs\;C:\Program Files\Microsoft SQL Server\130\Tools\Binn\;C:\Program Files\Microsoft SQL Server\Client SDK\ODBC\130\Tools\Binn\;C:\Program Files (x86)\Microsoft SQL Server\130\Tools\Binn\;C:\Program Files\Microsoft SQL Server\130\DTS\;C:\ProgramData\chocolatey\bin;C:\Users\zoro\Documents\apache-maven-3.9.9-bin\apache-maven-3.9.9\bin;C:\Program Files\PuTTY\;C:\Program Files\Git\cmd;C:\Program Files\Docker\Docker\resources\bin;C:\kafka\bin;C:\Program Files\Java\jdk-23\bin;C:\Users\zoro\AppData\Roaming\npm;C:\Program Files (x86)\Google\Cloud SDK\google-cloud-sdk\bin;C:\Program Files (x86)\Microsoft SQL Server\160\DTS\Binn\;C:\Program Files\Microsoft SQL Server\160\DTS\Binn\;C:\Users\zoro\AppData\Local\Programs\Python\Python311\Scripts\;C:\Users\zoro\AppData\Local\Programs\Python\Python311\;C:\Users\zoro\AppData\Local\Programs\Python\Python313\Scripts\;C:\Users\zoro\AppData\Local\Programs\Python\Python313\;C:\Program Files\Java\jdk-23\bin;C:\Program Files\Google\Chrome\Application;C:\app\zoro\product\21c\dbhomeXE\bin;C:\Program Files (x86)\VMware\VMware Workstation\bin\;C:\Program Files\Common Files\Oracle\Java\javapath;C:\Program Files (x86)\Common Files\Oracle\Java\java8path;C:\Program Files (x86)\Common Files\Oracle\Java\javapath;C:\ProgramData\Oracle\Java\javapath;C:\WINDOWS\system32;C:\WINDOWS;C:\WINDOWS\System32\Wbem;C:\WINDOWS\System32\WindowsPowerShell\v1.0\;C:\WINDOWS\System32\OpenSSH\;C:\Program Files\Intel\WiFi\bin\;C:\Program Files\Common Files\Intel\WirelessCommon\;C:\Program Files\dotnet\;C:\xampp\php;C:\ProgramData\ComposerSetup\bin;C:\Program Files\nodejs\;C:\Program Files\Git\cmd;C:\Program Files\Git\bin;C:\Program Files\Microsoft SQL Server\130\Tools\Binn\;C:\Program Files\Microsoft SQL Server\Client SDK\ODBC\130\Tools\Binn\;C:\Program Files (x86)\Microsoft SQL Server\130\Tools\Binn\;C:\Program Files\Microsoft SQL Server\130\DTS\Binn\;C:\Program Files (x86)\Microsoft SQL Server\160\DTS\Binn\;C:\Program Files\PuTTY\;C:\Program Files\Cloudflare\Cloudflare WARP\;C:\MinGW\bin;C:\ProgramData\chocolatey\bin;C:\Users\zoro\Documents\wifi\aircrack-ng-1.7-win\bin;C:\Cinstantclient_19_8\instantclient-basic-windows\instantclient_23_7;C:\Program Files\Java\jdk-23\bin;C:\apache-maven-3.9.9-bin\apache-maven-3.9.9\bin;C:\Program Files\GitHub CLI\;C:\Users\zoro\AppData\Local\Programs\Python\Python311\Scripts\;C:\Users\zoro\AppData\Local\Programs\Python\Python311\;C:\Users\zoro\AppData\Local\Programs\Python\Python313\Scripts\;C:\Users\zoro\AppData\Local\Programs\Python\Python313\;C:\Program Files\Java\jdk-23\bin;C:\app\zoro\product\21c\dbhomeXE\bin;C:\Program Files (x86)\VMware\VMware Workstation\bin\;C:\Program Files\Common Files\Oracle\Java\javapath;C:\Program Files (x86)\Common Files\Oracle\Java\java8path;C:\Program Files (x86)\Common Files\Oracle\Java\javapath;C:\ProgramData\Oracle\Java\javapath;C:\WINDOWS\system32;C:\WINDOWS;C:\WINDOWS\System32\Wbem;C:\WINDOWS\System32\WindowsPowerShell\v1.0\;C:\WINDOWS\System32\OpenSSH\;C:\Program Files\Intel\WiFi\bin\;C:\Program Files\Common Files\Intel\WirelessCommon\;C:\Program Files\dotnet\;C:\xampp\php;C:\ProgramData\ComposerSetup\bin;C:\Program Files\nodejs\;C:\Program Files\Git\cmd;C:\Program Files\Git\bin;C:\Program Files\Microsoft SQL Server\130\Tools\Binn\;C:\Program Files\Microsoft SQL Server\Client SDK\ODBC\130\Tools\Binn\;C:\Program Files (x86)\Microsoft SQL Server\130\Tools\Binn\;C:\Program Files\Microsoft SQL Server\130\DTS\Binn\;C:\Program Files (x86)\Microsoft SQL Server\160\DTS\Binn\;C:\Program Files\PuTTY\;C:\Program Files\Cloudflare\Cloudflare WARP\;C:\MinGW\bin;C:\ProgramData\chocolatey\bin;C:\Users\zoro\Documents\wifi\aircrack-ng-1.7-win\bin;C:\Cinstantclient_19_8\instantclient-basic-windows\instantclient_23_7;C:\Program Files\Java\jdk-23\bin;C:\apache-maven-3.9.9-bin\apache-maven-3.9.9\bin;C:\Program Files\GitHub CLI\;C:\Users\zoro\AppData\Local\JetBrains\Toolbox\scripts;C:\Users\zoro\AppData\Local\Programs\Microsoft VS Code\bin;C:\Program Files\JetBrains\IntelliJ IDEA 2024.3.5\bin;;C:\Users\zoro\AppData\Local\Programs\cursor\resources\app\bin
USERNAME=zoro
OS=Windows_NT
PROCESSOR_IDENTIFIER=Intel64 Family 6 Model 142 Stepping 12, GenuineIntel
TMP=C:\Users\zoro\AppData\Local\Temp
TEMP=C:\Users\zoro\AppData\Local\Temp




Periodic native trim disabled

---------------  S Y S T E M  ---------------

OS:
 Windows 11 , 64 bit Build 22621 (10.0.22621.5262)
OS uptime: 7 days 17:28 hours
Hyper-V role detected

CPU: total 8 (initial active 8) (4 cores per cpu, 2 threads per core) family 6 model 142 stepping 12 microcode 0xfa, cx8, cmov, fxsr, ht, mmx, 3dnowpref, sse, sse2, sse3, ssse3, sse4.1, sse4.2, popcnt, lzcnt, tsc, tscinvbit, avx, avx2, aes, erms, clmul, bmi1, bmi2, adx, fma, vzeroupper, clflush, clflushopt, hv, rdtscp, f16c
Processor Information for the first 8 processors :
  Max Mhz: 2112, Current Mhz: 804, Mhz Limit: 802

Memory: 4k page, system-wide physical 16131M (458M free)
TotalPageFile size 35169M (AvailPageFile size 0M)
current process WorkingSet (physical memory assigned to process): 145M, peak: 145M
current process commit charge ("private bytes"): 245M, peak: 247M

vm_info: OpenJDK 64-Bit Server VM (21.0.6+7-LTS) for windows-amd64 JRE (21.0.6+7-LTS), built on 2025-01-21T00:00:00Z by "admin" with MS VC++ 17.7 (VS2022)

END.
