#
# There is insufficient memory for the Java Runtime Environment to continue.
# Native memory allocation (malloc) failed to allocate 1048576 bytes. Error detail: AllocateHeap
# Possible reasons:
#   The system is out of physical RAM or swap space
#   This process is running with CompressedOops enabled, and the Java Heap may be blocking the growth of the native heap
# Possible solutions:
#   Reduce memory load on the system
#   Increase physical memory or swap space
#   Check if swap backing store is full
#   Decrease Java heap size (-Xmx/-Xms)
#   Decrease number of Java threads
#   Decrease Java thread stack sizes (-Xss)
#   Set larger code cache with -XX:ReservedCodeCacheSize=
#   JVM is running with Unscaled Compressed Oops mode in which the Java heap is
#     placed in the first 4GB address space. The Java Heap base address is the
#     maximum limit for the native heap growth. Please use -XX:HeapBaseMinAddress
#     to set the Java Heap base and to place the Java Heap above 4GB virtual address.
# This output file may be truncated or incomplete.
#
#  Out of Memory Error (allocation.cpp:44), pid=32520, tid=31780
#
# JRE version:  (21.0.6+7) (build )
# Java VM: OpenJDK 64-Bit Server VM (21.0.6+7-LTS, mixed mode, tiered, compressed oops, compressed class ptrs, parallel gc, windows-amd64)
# No core dump will be written. Minidumps are not enabled by default on client versions of Windows
#

---------------  S U M M A R Y ------------

Command Line: --add-modules=ALL-SYSTEM --add-opens=java.base/java.util=ALL-UNNAMED --add-opens=java.base/java.lang=ALL-UNNAMED --add-opens=java.base/sun.nio.fs=ALL-UNNAMED -Declipse.application=org.eclipse.jdt.ls.core.id1 -Dosgi.bundles.defaultStartLevel=4 -Declipse.product=org.eclipse.jdt.ls.core.product -Djava.import.generatesMetadataFilesAtProjectRoot=false -DDetectVMInstallationsJob.disabled=true -Dfile.encoding=utf8 -XX:+UseParallelGC -XX:GCTimeRatio=4 -XX:AdaptiveSizePolicyWeight=90 -Dsun.zip.disableMemoryMapping=true -Xmx1G -Xms100m -Xlog:disable -javaagent:c:\Users\zoro\.vscode\extensions\redhat.java-1.41.1-win32-x64\lombok\lombok-1.18.36.jar -XX:+HeapDumpOnOutOfMemoryError -XX:HeapDumpPath=c:\Users\zoro\AppData\Roaming\Code\User\workspaceStorage\8fc1bb58ff8f53aa291f44acf0fdf6db\redhat.java -Daether.dependencyCollector.impl=bf c:\Users\zoro\.vscode\extensions\redhat.java-1.41.1-win32-x64\server\plugins\org.eclipse.equinox.launcher_1.7.0.v20250331-1702.jar -configuration c:\Users\zoro\AppData\Roaming\Code\User\globalStorage\redhat.java\1.41.1\config_win -data c:\Users\zoro\AppData\Roaming\Code\User\workspaceStorage\8fc1bb58ff8f53aa291f44acf0fdf6db\redhat.java\jdt_ws --pipe=\\.\pipe\lsp-52c417aef077853700f97b159d8b0c62-sock

Host: Intel(R) Core(TM) i7-8665U CPU @ 1.90GHz, 8 cores, 15G,  Windows 11 , 64 bit Build 22621 (10.0.22621.5262)
Time: Sat May  3 20:28:34 2025 Maroc (heure d64 bit Build 22621 (10.0.22621.5262) elapsed time: 0.105063 seconds (0d 0h 0m 0s)

---------------  T H R E A D  ---------------

Current thread (0x00000231d1fc13f0):  JavaThread "Unknown thread" [_thread_in_vm, id=31780, stack(0x000000b674600000,0x000000b674700000) (1024K)]

Stack: [0x000000b674600000,0x000000b674700000]
Native frames: (J=compiled Java code, j=interpreted, Vv=VM code, C=native code)
V  [jvm.dll+0x6cdee9]
V  [jvm.dll+0x8a83d1]
V  [jvm.dll+0x8aa8fe]
V  [jvm.dll+0x8aafe3]
V  [jvm.dll+0x27f706]
V  [jvm.dll+0xbfb37]
V  [jvm.dll+0x702102]
V  [jvm.dll+0x702e3c]
V  [jvm.dll+0x6dcc13]
V  [jvm.dll+0x871cdc]
V  [jvm.dll+0x3bc2dc]
V  [jvm.dll+0x85a868]
V  [jvm.dll+0x45066e]
V  [jvm.dll+0x4522b1]
C  [jli.dll+0x5278]
C  [ucrtbase.dll+0x29333]
C  [KERNEL32.DLL+0x1259d]
C  [ntdll.dll+0x5af58]


---------------  P R O C E S S  ---------------

Threads class SMR info:
_java_thread_list=0x00000231d2029da0, length=1, elements={
0x00000231d1fc13f0
}

Java Threads: ( => current thread )
=>0x00000231d1fc13f0 JavaThread "Unknown thread"             [_thread_in_vm, id=31780, stack(0x000000b674600000,0x000000b674700000) (1024K)]
Total: 1

Other Threads:
  0x00000231d202a910 WatcherThread "VM Periodic Task Thread"        [id=2360, stack(0x000000b674800000,0x000000b674900000) (1024K)]
  0x00000231d1fde930 WorkerThread "GC Thread#0"                     [id=30112, stack(0x000000b674700000,0x000000b674800000) (1024K)]
Total: 2

Threads with active compile tasks:
Total: 0

VM state: not at safepoint (normal execution)

VM Mutex/Monitor currently owned by a thread: None

Heap address: 0x00000000c0000000, size: 1024 MB, Compressed Oops mode: 32-bit

CDS archive(s) not mapped
Compressed class space mapped at: 0x0000000100000000-0x0000000140000000, reserved size: 1073741824
Narrow klass base: 0x0000000000000000, Narrow klass shift: 3, Narrow klass range: 0x140000000

GC Precious Log:
 CardTable entry size: 512
 CPUs: 8 total, 8 available
 Memory: 16131M
 Large Page Support: Disabled
 NUMA Support: Disabled
 Compressed Oops: Enabled (32-bit)
 Alignments: Space 512K, Generation 512K, Heap 2M
 Heap Min Capacity: 100M
 Heap Initial Capacity: 100M
 Heap Max Capacity: 1G
 Pre-touch: Disabled
 Parallel Workers: 8

Heap:
 PSYoungGen      total 29696K, used 512K [0x00000000eab00000, 0x00000000ecc00000, 0x0000000100000000)
  eden space 25600K, 2% used [0x00000000eab00000,0x00000000eab80070,0x00000000ec400000)
  from space 4096K, 0% used [0x00000000ec800000,0x00000000ec800000,0x00000000ecc00000)
  to   space 4096K, 0% used [0x00000000ec400000,0x00000000ec400000,0x00000000ec800000)
 ParOldGen       total 68608K, used 0K [0x00000000c0000000, 0x00000000c4300000, 0x00000000eab00000)
  object space 68608K, 0% used [0x00000000c0000000,0x00000000c0000000,0x00000000c4300000)
 Metaspace       used 1392K, committed 1472K, reserved 1114112K
  class space    used 109K, committed 128K, reserved 1048576K

Card table byte_map: [0x00000231d1980000,0x00000231d1b90000] _byte_map_base: 0x00000231d1380000

Marking Bits: (ParMarkBitMap*) 0x00007ff93d553260
 Begin Bits: [0x00000231e41a0000, 0x00000231e51a0000)
 End Bits:   [0x00000231e51a0000, 0x00000231e61a0000)

Polling page: 0x00000231d1770000

Metaspace:

Usage:
  Non-class:      1.25 MB used.
      Class:    109.62 KB used.
       Both:      1.36 MB used.

Virtual space:
  Non-class space:       64.00 MB reserved,       1.31 MB (  2%) committed,  1 nodes.
      Class space:        1.00 GB reserved,     128.00 KB ( <1%) committed,  1 nodes.
             Both:        1.06 GB reserved,       1.44 MB ( <1%) committed. 

Chunk freelists:
   Non-Class:  12.00 MB
       Class:  15.75 MB
        Both:  27.75 MB

MaxMetaspaceSize: unlimited
CompressedClassSpaceSize: 1.00 GB
Initial GC threshold: 21.00 MB
Current GC threshold: 17179869184.00 GB
CDS: off
 - commit_granule_bytes: 65536.
 - commit_granule_words: 8192.
 - virtual_space_node_default_size: 8388608.
 - enlarge_chunks_in_place: 1.
 - use_allocation_guard: 0.


Internal statistics:

num_allocs_failed_limit: 0.
num_arena_births: 2.
num_arena_deaths: 0.
num_vsnodes_births: 2.
num_vsnodes_deaths: 0.
num_space_committed: 23.
num_space_uncommitted: 0.
num_chunks_returned_to_freelist: 0.
num_chunks_taken_from_freelist: 3.
num_chunk_merges: 0.
num_chunk_splits: 2.
num_chunks_enlarged: 0.
num_inconsistent_stats: 0.

CodeHeap 'non-profiled nmethods': size=120000Kb used=0Kb max_used=0Kb free=120000Kb
 bounds [0x00000231dcc70000, 0x00000231dcee0000, 0x00000231e41a0000]
CodeHeap 'profiled nmethods': size=120000Kb used=0Kb max_used=0Kb free=120000Kb
 bounds [0x00000231d51a0000, 0x00000231d5410000, 0x00000231dc6d0000]
CodeHeap 'non-nmethods': size=5760Kb used=194Kb max_used=342Kb free=5565Kb
 bounds [0x00000231dc6d0000, 0x00000231dc940000, 0x00000231dcc70000]
 total_blobs=70 nmethods=0 adapters=48
 compilation: enabled
              stopped_count=0, restarted_count=0
 full_count=0

Compilation events (0 events):
No events

GC Heap History (0 events):
No events

Dll operation events (2 events):
Event: 0.022 Loaded shared library c:\Users\zoro\.vscode\extensions\redhat.java-1.41.1-win32-x64\jre\21.0.6-win32-x86_64\bin\java.dll
Event: 0.042 Loaded shared library c:\Users\zoro\.vscode\extensions\redhat.java-1.41.1-win32-x64\jre\21.0.6-win32-x86_64\bin\zip.dll

Deoptimization events (0 events):
No events

Classes loaded (20 events):
Event: 0.094 Loading class java/util/Iterator
Event: 0.095 Loading class java/util/Iterator done
Event: 0.095 Loading class java/lang/reflect/RecordComponent
Event: 0.095 Loading class java/lang/reflect/RecordComponent done
Event: 0.095 Loading class jdk/internal/vm/vector/VectorSupport
Event: 0.096 Loading class jdk/internal/vm/vector/VectorSupport done
Event: 0.096 Loading class jdk/internal/vm/vector/VectorSupport$VectorPayload
Event: 0.096 Loading class jdk/internal/vm/vector/VectorSupport$VectorPayload done
Event: 0.096 Loading class jdk/internal/vm/vector/VectorSupport$Vector
Event: 0.096 Loading class jdk/internal/vm/vector/VectorSupport$Vector done
Event: 0.096 Loading class jdk/internal/vm/vector/VectorSupport$VectorMask
Event: 0.096 Loading class jdk/internal/vm/vector/VectorSupport$VectorMask done
Event: 0.096 Loading class jdk/internal/vm/vector/VectorSupport$VectorShuffle
Event: 0.096 Loading class jdk/internal/vm/vector/VectorSupport$VectorShuffle done
Event: 0.096 Loading class jdk/internal/vm/FillerObject
Event: 0.097 Loading class jdk/internal/vm/FillerObject done
Event: 0.100 Loading class java/lang/NullPointerException
Event: 0.101 Loading class java/lang/NullPointerException done
Event: 0.101 Loading class java/lang/ArithmeticException
Event: 0.101 Loading class java/lang/ArithmeticException done

Classes unloaded (0 events):
No events

Classes redefined (0 events):
No events

Internal exceptions (0 events):
No events

ZGC Phase Switch (0 events):
No events

VM Operations (0 events):
No events

Memory protections (0 events):
No events

Nmethod flushes (0 events):
No events

Events (1 events):
Event: 0.035 Thread 0x00000231d1fc13f0 Thread added: 0x00000231d1fc13f0


Dynamic libraries:
0x00007ff70e040000 - 0x00007ff70e04e000 	c:\Users\zoro\.vscode\extensions\redhat.java-1.41.1-win32-x64\jre\21.0.6-win32-x86_64\bin\java.exe
0x00007ff9ef810000 - 0x00007ff9efa27000 	C:\WINDOWS\SYSTEM32\ntdll.dll
0x00007ff9ad1f0000 - 0x00007ff9ad20a000 	C:\Program Files\AVG\Antivirus\aswhook.dll
0x00007ff9ef020000 - 0x00007ff9ef0e4000 	C:\WINDOWS\System32\KERNEL32.DLL
0x00007ff9ed030000 - 0x00007ff9ed403000 	C:\WINDOWS\System32\KERNELBASE.dll
0x00007ff9ecc70000 - 0x00007ff9ecd81000 	C:\WINDOWS\System32\ucrtbase.dll
0x00007ff9d1140000 - 0x00007ff9d1158000 	c:\Users\zoro\.vscode\extensions\redhat.java-1.41.1-win32-x64\jre\21.0.6-win32-x86_64\bin\jli.dll
0x00007ff9ef250000 - 0x00007ff9ef401000 	C:\WINDOWS\System32\USER32.dll
0x00007ff9ecd90000 - 0x00007ff9ecdb6000 	C:\WINDOWS\System32\win32u.dll
0x00007ff9eeaa0000 - 0x00007ff9eeac9000 	C:\WINDOWS\System32\GDI32.dll
0x00007ff9ecf00000 - 0x00007ff9ed022000 	C:\WINDOWS\System32\gdi32full.dll
0x00007ff9ed410000 - 0x00007ff9ed4aa000 	C:\WINDOWS\System32\msvcp_win.dll
0x00007ff9cfb00000 - 0x00007ff9cfb1e000 	c:\Users\zoro\.vscode\extensions\redhat.java-1.41.1-win32-x64\jre\21.0.6-win32-x86_64\bin\VCRUNTIME140.dll
0x00007ff9ca230000 - 0x00007ff9ca4cb000 	C:\WINDOWS\WinSxS\amd64_microsoft.windows.common-controls_6595b64144ccf1df_6.0.22621.5262_none_2712bde373830908\COMCTL32.dll
0x00007ff9ee9f0000 - 0x00007ff9eea97000 	C:\WINDOWS\System32\msvcrt.dll
0x00007ff9ef5b0000 - 0x00007ff9ef5e1000 	C:\WINDOWS\System32\IMM32.DLL
0x00007ff9d1100000 - 0x00007ff9d110c000 	c:\Users\zoro\.vscode\extensions\redhat.java-1.41.1-win32-x64\jre\21.0.6-win32-x86_64\bin\vcruntime140_1.dll
0x00007ff9a2040000 - 0x00007ff9a20cd000 	c:\Users\zoro\.vscode\extensions\redhat.java-1.41.1-win32-x64\jre\21.0.6-win32-x86_64\bin\msvcp140.dll
0x00007ff93c8a0000 - 0x00007ff93d630000 	c:\Users\zoro\.vscode\extensions\redhat.java-1.41.1-win32-x64\jre\21.0.6-win32-x86_64\bin\server\jvm.dll
0x00007ff9ef190000 - 0x00007ff9ef241000 	C:\WINDOWS\System32\ADVAPI32.dll
0x00007ff9ef410000 - 0x00007ff9ef4b7000 	C:\WINDOWS\System32\sechost.dll
0x00007ff9ec910000 - 0x00007ff9ec938000 	C:\WINDOWS\System32\bcrypt.dll
0x00007ff9ee8d0000 - 0x00007ff9ee9e4000 	C:\WINDOWS\System32\RPCRT4.dll
0x00007ff9ef110000 - 0x00007ff9ef181000 	C:\WINDOWS\System32\WS2_32.dll
0x00007ff9ec7e0000 - 0x00007ff9ec82d000 	C:\WINDOWS\SYSTEM32\POWRPROF.dll
0x00007ff9e7c00000 - 0x00007ff9e7c34000 	C:\WINDOWS\SYSTEM32\WINMM.dll
0x00007ff9e5670000 - 0x00007ff9e567a000 	C:\WINDOWS\SYSTEM32\VERSION.dll
0x00007ff9ec7c0000 - 0x00007ff9ec7d3000 	C:\WINDOWS\SYSTEM32\UMPDC.dll
0x00007ff9eb910000 - 0x00007ff9eb928000 	C:\WINDOWS\SYSTEM32\kernel.appcore.dll
0x00007ff9cc220000 - 0x00007ff9cc22a000 	c:\Users\zoro\.vscode\extensions\redhat.java-1.41.1-win32-x64\jre\21.0.6-win32-x86_64\bin\jimage.dll
0x00007ff9ea1d0000 - 0x00007ff9ea402000 	C:\WINDOWS\SYSTEM32\DBGHELP.DLL
0x00007ff9eda70000 - 0x00007ff9ede03000 	C:\WINDOWS\System32\combase.dll
0x00007ff9ed920000 - 0x00007ff9ed9f7000 	C:\WINDOWS\System32\OLEAUT32.dll
0x00007ff9e4850000 - 0x00007ff9e4882000 	C:\WINDOWS\SYSTEM32\dbgcore.DLL
0x00007ff9ec940000 - 0x00007ff9ec9bb000 	C:\WINDOWS\System32\bcryptPrimitives.dll
0x00007ff9c4df0000 - 0x00007ff9c4dff000 	c:\Users\zoro\.vscode\extensions\redhat.java-1.41.1-win32-x64\jre\21.0.6-win32-x86_64\bin\instrument.dll
0x00007ff9c3db0000 - 0x00007ff9c3dcf000 	c:\Users\zoro\.vscode\extensions\redhat.java-1.41.1-win32-x64\jre\21.0.6-win32-x86_64\bin\java.dll
0x00007ff9c3090000 - 0x00007ff9c30a8000 	c:\Users\zoro\.vscode\extensions\redhat.java-1.41.1-win32-x64\jre\21.0.6-win32-x86_64\bin\zip.dll

dbghelp: loaded successfully - version: 4.0.5 - missing functions: none
symbol engine: initialized successfully - sym options: 0x614 - pdb path: .;c:\Users\zoro\.vscode\extensions\redhat.java-1.41.1-win32-x64\jre\21.0.6-win32-x86_64\bin;C:\WINDOWS\SYSTEM32;C:\Program Files\AVG\Antivirus;C:\WINDOWS\WinSxS\amd64_microsoft.windows.common-controls_6595b64144ccf1df_6.0.22621.5262_none_2712bde373830908;c:\Users\zoro\.vscode\extensions\redhat.java-1.41.1-win32-x64\jre\21.0.6-win32-x86_64\bin\server

VM Arguments:
jvm_args: --add-modules=ALL-SYSTEM --add-opens=java.base/java.util=ALL-UNNAMED --add-opens=java.base/java.lang=ALL-UNNAMED --add-opens=java.base/sun.nio.fs=ALL-UNNAMED -Declipse.application=org.eclipse.jdt.ls.core.id1 -Dosgi.bundles.defaultStartLevel=4 -Declipse.product=org.eclipse.jdt.ls.core.product -Djava.import.generatesMetadataFilesAtProjectRoot=false -DDetectVMInstallationsJob.disabled=true -Dfile.encoding=utf8 -XX:+UseParallelGC -XX:GCTimeRatio=4 -XX:AdaptiveSizePolicyWeight=90 -Dsun.zip.disableMemoryMapping=true -Xmx1G -Xms100m -Xlog:disable -javaagent:c:\Users\zoro\.vscode\extensions\redhat.java-1.41.1-win32-x64\lombok\lombok-1.18.36.jar -XX:+HeapDumpOnOutOfMemoryError -XX:HeapDumpPath=c:\Users\zoro\AppData\Roaming\Code\User\workspaceStorage\8fc1bb58ff8f53aa291f44acf0fdf6db\redhat.java -Daether.dependencyCollector.impl=bf 
java_command: c:\Users\zoro\.vscode\extensions\redhat.java-1.41.1-win32-x64\server\plugins\org.eclipse.equinox.launcher_1.7.0.v20250331-1702.jar -configuration c:\Users\zoro\AppData\Roaming\Code\User\globalStorage\redhat.java\1.41.1\config_win -data c:\Users\zoro\AppData\Roaming\Code\User\workspaceStorage\8fc1bb58ff8f53aa291f44acf0fdf6db\redhat.java\jdt_ws --pipe=\\.\pipe\lsp-52c417aef077853700f97b159d8b0c62-sock
java_class_path (initial): c:\Users\zoro\.vscode\extensions\redhat.java-1.41.1-win32-x64\server\plugins\org.eclipse.equinox.launcher_1.7.0.v20250331-1702.jar
Launcher Type: SUN_STANDARD

[Global flags]
    uintx AdaptiveSizePolicyWeight                 = 90                                        {product} {command line}
     intx CICompilerCount                          = 4                                         {product} {ergonomic}
    uintx GCTimeRatio                              = 4                                         {product} {command line}
     bool HeapDumpOnOutOfMemoryError               = true                                   {manageable} {command line}
    ccstr HeapDumpPath                             = c:\Users\zoro\AppData\Roaming\Code\User\workspaceStorage\8fc1bb58ff8f53aa291f44acf0fdf6db\redhat.java         {manageable} {command line}
   size_t InitialHeapSize                          = 104857600                                 {product} {command line}
   size_t MaxHeapSize                              = 1073741824                                {product} {command line}
   size_t MaxNewSize                               = 357564416                                 {product} {ergonomic}
   size_t MinHeapDeltaBytes                        = 524288                                    {product} {ergonomic}
   size_t MinHeapSize                              = 104857600                                 {product} {command line}
   size_t NewSize                                  = 34603008                                  {product} {ergonomic}
    uintx NonNMethodCodeHeapSize                   = 5839372                                {pd product} {ergonomic}
    uintx NonProfiledCodeHeapSize                  = 122909434                              {pd product} {ergonomic}
   size_t OldSize                                  = 70254592                                  {product} {ergonomic}
    uintx ProfiledCodeHeapSize                     = 122909434                              {pd product} {ergonomic}
    uintx ReservedCodeCacheSize                    = 251658240                              {pd product} {ergonomic}
     bool SegmentedCodeCache                       = true                                      {product} {ergonomic}
   size_t SoftMaxHeapSize                          = 1073741824                             {manageable} {ergonomic}
     bool UseCompressedOops                        = true                           {product lp64_product} {ergonomic}
     bool UseLargePagesIndividualAllocation        = false                                  {pd product} {ergonomic}
     bool UseParallelGC                            = true                                      {product} {command line}

Logging:
Log output configuration:
 #0: stdout all=off uptime,level,tags foldmultilines=false
 #1: stderr all=off uptime,level,tags foldmultilines=false

Environment Variables:
JAVA_HOME=C:\Program Files\Java\jdk-23
PATH=c:\Users\zoro\AppData\Local\Programs\cursor\resources\app\bin;C:\Program Files\Google\Chrome\Application;C:\Program Files\Microsoft MPI\Bin\;C:\app\zoro\product\21c\dbhomeXE\bin;C:\Program Files (x86)\VMware\VMware Workstation\bin\;C:\Program Files\Common Files\Oracle\Java\javapath;C:\Program Files (x86)\Common Files\Oracle\Java\java8path;C:\Program Files (x86)\Common Files\Oracle\Java\javapath;C:\ProgramData\Oracle\Java\javapath;C:\WINDOWS\system32;C:\WINDOWS;C:\WINDOWS\System32\Wbem;C:\WINDOWS\System32\WindowsPowerShell\v1.0\;C:\WINDOWS\System32\OpenSSH\;C:\Program Files\Intel\WiFi\bin\;C:\Program Files\Common Files\Intel\WirelessCommon\;C:\Program Files\dotnet\;C:\xampp\php;C:\ProgramData\ComposerSetup\bin;C:\Program Files\nodejs\;C:\Program Files\Microsoft SQL Server\130\Tools\Binn\;C:\Program Files\Microsoft SQL Server\Client SDK\ODBC\130\Tools\Binn\;C:\Program Files (x86)\Microsoft SQL Server\130\Tools\Binn\;C:\Program Files\Microsoft SQL Server\130\DTS\;C:\ProgramData\chocolatey\bin;C:\Users\zoro\Documents\apache-maven-3.9.9-bin\apache-maven-3.9.9\bin;C:\Program Files\PuTTY\;C:\Program Files\Git\cmd;C:\Program Files\Docker\Docker\resources\bin;C:\kafka\bin;C:\Program Files\Java\jdk-23\bin;C:\Users\zoro\AppData\Roaming\npm;C:\Program Files (x86)\Google\Cloud SDK\google-cloud-sdk\bin;C:\Program Files (x86)\Microsoft SQL Server\160\DTS\Binn\;C:\Program Files\Microsoft SQL Server\160\DTS\Binn\;C:\Users\zoro\AppData\Local\Programs\Python\Python311\Scripts\;C:\Users\zoro\AppData\Local\Programs\Python\Python311\;C:\Users\zoro\AppData\Local\Programs\Python\Python313\Scripts\;C:\Users\zoro\AppData\Local\Programs\Python\Python313\;C:\Program Files\Java\jdk-23\bin;C:\Program Files\Google\Chrome\Application;C:\app\zoro\product\21c\dbhomeXE\bin;C:\Program Files (x86)\VMware\VMware Workstation\bin\;C:\Program Files\Common Files\Oracle\Java\javapath;C:\Program Files (x86)\Common Files\Oracle\Java\java8path;C:\Program Files (x86)\Common Files\Oracle\Java\javapath;C:\ProgramData\Oracle\Java\javapath;C:\WINDOWS\system32;C:\WINDOWS;C:\WINDOWS\System32\Wbem;C:\WINDOWS\System32\WindowsPowerShell\v1.0\;C:\WINDOWS\System32\OpenSSH\;C:\Program Files\Intel\WiFi\bin\;C:\Program Files\Common Files\Intel\WirelessCommon\;C:\Program Files\dotnet\;C:\xampp\php;C:\ProgramData\ComposerSetup\bin;C:\Program Files\nodejs\;C:\Program Files\Git\cmd;C:\Program Files\Git\bin;C:\Program Files\Microsoft SQL Server\130\Tools\Binn\;C:\Program Files\Microsoft SQL Server\Client SDK\ODBC\130\Tools\Binn\;C:\Program Files (x86)\Microsoft SQL Server\130\Tools\Binn\;C:\Program Files\Microsoft SQL Server\130\DTS\Binn\;C:\Program Files (x86)\Microsoft SQL Server\160\DTS\Binn\;C:\Program Files\PuTTY\;C:\Program Files\Cloudflare\Cloudflare WARP\;C:\MinGW\bin;C:\ProgramData\chocolatey\bin;C:\Users\zoro\Documents\wifi\aircrack-ng-1.7-win\bin;C:\Cinstantclient_19_8\instantclient-basic-windows\instantclient_23_7;C:\Program Files\Java\jdk-23\bin;C:\apache-maven-3.9.9-bin\apache-maven-3.9.9\bin;C:\Program Files\GitHub CLI\;C:\Users\zoro\AppData\Local\Programs\Python\Python311\Scripts\;C:\Users\zoro\AppData\Local\Programs\Python\Python311\;C:\Users\zoro\AppData\Local\Programs\Python\Python313\Scripts\;C:\Users\zoro\AppData\Local\Programs\Python\Python313\;C:\Program Files\Java\jdk-23\bin;C:\app\zoro\product\21c\dbhomeXE\bin;C:\Program Files (x86)\VMware\VMware Workstation\bin\;C:\Program Files\Common Files\Oracle\Java\javapath;C:\Program Files (x86)\Common Files\Oracle\Java\java8path;C:\Program Files (x86)\Common Files\Oracle\Java\javapath;C:\ProgramData\Oracle\Java\javapath;C:\WINDOWS\system32;C:\WINDOWS;C:\WINDOWS\System32\Wbem;C:\WINDOWS\System32\WindowsPowerShell\v1.0\;C:\WINDOWS\System32\OpenSSH\;C:\Program Files\Intel\WiFi\bin\;C:\Program Files\Common Files\Intel\WirelessCommon\;C:\Program Files\dotnet\;C:\xampp\php;C:\ProgramData\ComposerSetup\bin;C:\Program Files\nodejs\;C:\Program Files\Git\cmd;C:\Program Files\Git\bin;C:\Program Files\Microsoft SQL Server\130\Tools\Binn\;C:\Program Files\Microsoft SQL Server\Client SDK\ODBC\130\Tools\Binn\;C:\Program Files (x86)\Microsoft SQL Server\130\Tools\Binn\;C:\Program Files\Microsoft SQL Server\130\DTS\Binn\;C:\Program Files (x86)\Microsoft SQL Server\160\DTS\Binn\;C:\Program Files\PuTTY\;C:\Program Files\Cloudflare\Cloudflare WARP\;C:\MinGW\bin;C:\ProgramData\chocolatey\bin;C:\Users\zoro\Documents\wifi\aircrack-ng-1.7-win\bin;C:\Cinstantclient_19_8\instantclient-basic-windows\instantclient_23_7;C:\Program Files\Java\jdk-23\bin;C:\apache-maven-3.9.9-bin\apache-maven-3.9.9\bin;C:\Program Files\GitHub CLI\;C:\Users\zoro\AppData\Local\JetBrains\Toolbox\scripts;C:\Users\zoro\AppData\Local\Programs\Microsoft VS Code\bin;C:\Program Files\JetBrains\IntelliJ IDEA 2024.3.5\bin;;C:\Users\zoro\AppData\Local\Programs\cursor\resources\app\bin
USERNAME=zoro
OS=Windows_NT
PROCESSOR_IDENTIFIER=Intel64 Family 6 Model 142 Stepping 12, GenuineIntel
TMP=C:\Users\zoro\AppData\Local\Temp
TEMP=C:\Users\zoro\AppData\Local\Temp




Periodic native trim disabled

---------------  S Y S T E M  ---------------

OS:
 Windows 11 , 64 bit Build 22621 (10.0.22621.5262)
OS uptime: 7 days 18:53 hours
Hyper-V role detected

CPU: total 8 (initial active 8) (4 cores per cpu, 2 threads per core) family 6 model 142 stepping 12 microcode 0xfa, cx8, cmov, fxsr, ht, mmx, 3dnowpref, sse, sse2, sse3, ssse3, sse4.1, sse4.2, popcnt, lzcnt, tsc, tscinvbit, avx, avx2, aes, erms, clmul, bmi1, bmi2, adx, fma, vzeroupper, clflush, clflushopt, hv, rdtscp, f16c
Processor Information for the first 8 processors :
  Max Mhz: 2112, Current Mhz: 804, Mhz Limit: 802

Memory: 4k page, system-wide physical 16131M (1188M free)
TotalPageFile size 36587M (AvailPageFile size 9M)
current process WorkingSet (physical memory assigned to process): 17M, peak: 17M
current process commit charge ("private bytes"): 151M, peak: 157M

vm_info: OpenJDK 64-Bit Server VM (21.0.6+7-LTS) for windows-amd64 JRE (21.0.6+7-LTS), built on 2025-01-21T00:00:00Z by "admin" with MS VC++ 17.7 (VS2022)

END.
